TpTrace Verbose: 0 : 18292, 1, 2022/11/15, 00:07:21.292, 267871600436, vstest.console.dll, Version: 17.2.0-release-20220408-11 Current process architecture: X64
TpTrace Information: 0 : 18292, 1, 2022/11/15, 00:07:21.302, 267871699146, vstest.console.dll, FilePatternParser: The given file D:\Antern\IAmInterviewed\IAmInterviewed\Code\IAI\WebAPI\IAI.UnitTest\bin\Debug\net6.0\fine-code-coverage\build-output\IAI.UnitTest.dll is a full path.
TpTrace Verbose: 0 : 18292, 1, 2022/11/15, 00:07:21.309, 267871766145, vstest.console.dll, TestPluginCache.DiscoverTestExtensions: finding test extensions in assemblies ends with: RuntimeProvider.dll TPluginInfo: Microsoft.VisualStudio.TestPlatform.Common.ExtensionFramework.Utilities.TestRuntimePluginInformation TExtension: Microsoft.VisualStudio.TestPlatform.ObjectModel.Host.ITestRuntimeProvider
TpTrace Verbose: 0 : 18292, 1, 2022/11/15, 00:07:21.310, 267871774150, vstest.console.dll, TestPluginCache.GetExtensionPaths: Filtered extension paths: 
TpTrace Verbose: 0 : 18292, 1, 2022/11/15, 00:07:21.310, 267871775217, vstest.console.dll, TestPluginCache.GetExtensionPaths: Added default extension paths: C:\Program Files\dotnet\sdk\6.0.302\Extensions\DumpMinitool.exe
C:\Program Files\dotnet\sdk\6.0.302\Extensions\DumpMinitool.x86.exe
C:\Program Files\dotnet\sdk\6.0.302\Extensions\Microsoft.Diagnostics.NETCore.Client.dll
C:\Program Files\dotnet\sdk\6.0.302\Extensions\Microsoft.TestPlatform.Extensions.BlameDataCollector.dll
C:\Program Files\dotnet\sdk\6.0.302\Extensions\Microsoft.TestPlatform.Extensions.EventLogCollector.dll
C:\Program Files\dotnet\sdk\6.0.302\Extensions\Microsoft.TestPlatform.TestHostRuntimeProvider.dll
C:\Program Files\dotnet\sdk\6.0.302\Extensions\Microsoft.VisualStudio.TestPlatform.Extensions.Html.TestLogger.dll
C:\Program Files\dotnet\sdk\6.0.302\Extensions\Microsoft.VisualStudio.TestPlatform.Extensions.Trx.TestLogger.dll
TpTrace Verbose: 0 : 18292, 1, 2022/11/15, 00:07:21.310, 267871775599, vstest.console.dll, TestPluginCache.GetExtensionPaths: Added unfilterableExtensionPaths: 
TpTrace Information: 0 : 18292, 1, 2022/11/15, 00:07:21.310, 267871782021, vstest.console.dll, AssemblyResolver.ctor: Creating AssemblyResolver with searchDirectories C:\Program Files\dotnet\sdk\6.0.302\Extensions,C:\Program Files\dotnet\sdk\6.0.302
TpTrace Verbose: 0 : 18292, 1, 2022/11/15, 00:07:21.311, 267871789603, vstest.console.dll, TestPluginCache.DiscoverTestExtensions: Discovering the extensions using extension path.
TpTrace Verbose: 0 : 18292, 1, 2022/11/15, 00:07:21.311, 267871790754, vstest.console.dll, TestPluginCache.GetExtensionPaths: Filtered extension paths: 
TpTrace Verbose: 0 : 18292, 1, 2022/11/15, 00:07:21.311, 267871791247, vstest.console.dll, TestPluginCache.GetExtensionPaths: Added default extension paths: C:\Program Files\dotnet\sdk\6.0.302\Extensions\DumpMinitool.exe
C:\Program Files\dotnet\sdk\6.0.302\Extensions\DumpMinitool.x86.exe
C:\Program Files\dotnet\sdk\6.0.302\Extensions\Microsoft.Diagnostics.NETCore.Client.dll
C:\Program Files\dotnet\sdk\6.0.302\Extensions\Microsoft.TestPlatform.Extensions.BlameDataCollector.dll
C:\Program Files\dotnet\sdk\6.0.302\Extensions\Microsoft.TestPlatform.Extensions.EventLogCollector.dll
C:\Program Files\dotnet\sdk\6.0.302\Extensions\Microsoft.TestPlatform.TestHostRuntimeProvider.dll
C:\Program Files\dotnet\sdk\6.0.302\Extensions\Microsoft.VisualStudio.TestPlatform.Extensions.Html.TestLogger.dll
C:\Program Files\dotnet\sdk\6.0.302\Extensions\Microsoft.VisualStudio.TestPlatform.Extensions.Trx.TestLogger.dll
TpTrace Verbose: 0 : 18292, 1, 2022/11/15, 00:07:21.311, 267871791562, vstest.console.dll, TestPluginCache.GetExtensionPaths: Added unfilterableExtensionPaths: 
TpTrace Verbose: 0 : 18292, 1, 2022/11/15, 00:07:21.312, 267871792169, vstest.console.dll, TestPluginCache.DiscoverTestExtensions: Discovering the extensions using allExtensionPaths: C:\Program Files\dotnet\sdk\6.0.302\Extensions\DumpMinitool.exe
C:\Program Files\dotnet\sdk\6.0.302\Extensions\DumpMinitool.x86.exe
C:\Program Files\dotnet\sdk\6.0.302\Extensions\Microsoft.Diagnostics.NETCore.Client.dll
C:\Program Files\dotnet\sdk\6.0.302\Extensions\Microsoft.TestPlatform.Extensions.BlameDataCollector.dll
C:\Program Files\dotnet\sdk\6.0.302\Extensions\Microsoft.TestPlatform.Extensions.EventLogCollector.dll
C:\Program Files\dotnet\sdk\6.0.302\Extensions\Microsoft.TestPlatform.TestHostRuntimeProvider.dll
C:\Program Files\dotnet\sdk\6.0.302\Extensions\Microsoft.VisualStudio.TestPlatform.Extensions.Html.TestLogger.dll
C:\Program Files\dotnet\sdk\6.0.302\Extensions\Microsoft.VisualStudio.TestPlatform.Extensions.Trx.TestLogger.dll
TpTrace Information: 0 : 18292, 1, 2022/11/15, 00:07:21.312, 267871794074, vstest.console.dll, AssemblyResolver.AddSearchDirectories: Adding more searchDirectories C:\Program Files\dotnet\sdk\6.0.302\Extensions,C:\Program Files\dotnet\sdk\6.0.302
TpTrace Information: 0 : 18292, 1, 2022/11/15, 00:07:21.312, 267871794578, vstest.console.dll, AssemblyResolver.AddSearchDirectories: Adding more searchDirectories C:\Program Files\dotnet\sdk\6.0.302\Extensions,C:\Program Files\dotnet\sdk\6.0.302
TpTrace Information: 0 : 18292, 1, 2022/11/15, 00:07:21.312, 267871794894, vstest.console.dll, AssemblyResolver.AddSearchDirectories: Adding more searchDirectories C:\Program Files\dotnet\sdk\6.0.302\Extensions,C:\Program Files\dotnet\sdk\6.0.302
TpTrace Information: 0 : 18292, 1, 2022/11/15, 00:07:21.312, 267871795246, vstest.console.dll, AssemblyResolver.AddSearchDirectories: Adding more searchDirectories C:\Program Files\dotnet\sdk\6.0.302\Extensions,C:\Program Files\dotnet\sdk\6.0.302
TpTrace Information: 0 : 18292, 1, 2022/11/15, 00:07:21.312, 267871795531, vstest.console.dll, AssemblyResolver.AddSearchDirectories: Adding more searchDirectories C:\Program Files\dotnet\sdk\6.0.302\Extensions,C:\Program Files\dotnet\sdk\6.0.302
TpTrace Information: 0 : 18292, 1, 2022/11/15, 00:07:21.312, 267871795810, vstest.console.dll, AssemblyResolver.AddSearchDirectories: Adding more searchDirectories C:\Program Files\dotnet\sdk\6.0.302\Extensions,C:\Program Files\dotnet\sdk\6.0.302
TpTrace Information: 0 : 18292, 1, 2022/11/15, 00:07:21.312, 267871796134, vstest.console.dll, AssemblyResolver.AddSearchDirectories: Adding more searchDirectories C:\Program Files\dotnet\sdk\6.0.302\Extensions,C:\Program Files\dotnet\sdk\6.0.302
TpTrace Information: 0 : 18292, 1, 2022/11/15, 00:07:21.312, 267871796461, vstest.console.dll, AssemblyResolver.AddSearchDirectories: Adding more searchDirectories C:\Program Files\dotnet\sdk\6.0.302\Extensions,C:\Program Files\dotnet\sdk\6.0.302
TpTrace Information: 0 : 18292, 1, 2022/11/15, 00:07:21.312, 267871799756, vstest.console.dll, AssemblyResolver.OnResolve: DumpMinitool: Resolving assembly.
TpTrace Information: 0 : 18292, 1, 2022/11/15, 00:07:21.312, 267871800446, vstest.console.dll, AssemblyResolver.OnResolve: DumpMinitool: Searching in: 'C:\Program Files\dotnet\sdk\6.0.302\Extensions'.
TpTrace Information: 0 : 18292, 1, 2022/11/15, 00:07:21.312, 267871801665, vstest.console.dll, AssemblyResolver.OnResolve: DumpMinitool: Assembly path does not exist: 'C:\Program Files\dotnet\sdk\6.0.302\Extensions\DumpMinitool.dll', returning.
TpTrace Information: 0 : 18292, 1, 2022/11/15, 00:07:21.313, 267871810550, vstest.console.dll, AssemblyResolver.OnResolve: DumpMinitool: Loading assembly 'C:\Program Files\dotnet\sdk\6.0.302\Extensions\DumpMinitool.exe'.
TpTrace Information: 0 : 18292, 1, 2022/11/15, 00:07:21.314, 267871817598, vstest.console.dll, AssemblyResolver.OnResolve: Resolved assembly: DumpMinitool, from path: C:\Program Files\dotnet\sdk\6.0.302\Extensions\DumpMinitool.exe
TpTrace Verbose: 0 : 18292, 1, 2022/11/15, 00:07:21.319, 267871865218, vstest.console.dll, MetadataReaderExtensionsHelper: Discovering extensions inside assembly 'DumpMinitool, Version=15.0.0.0, Culture=neutral, PublicKeyToken=b03f5f7f11d50a3a' file path 'C:\Program Files\dotnet\sdk\6.0.302\Extensions\DumpMinitool.exe'
TpTrace Information: 0 : 18292, 1, 2022/11/15, 00:07:21.325, 267871928160, vstest.console.dll, AssemblyResolver.OnResolve: DumpMinitool.x86: Resolving assembly.
TpTrace Information: 0 : 18292, 1, 2022/11/15, 00:07:21.325, 267871929695, vstest.console.dll, AssemblyResolver.OnResolve: DumpMinitool.x86: Searching in: 'C:\Program Files\dotnet\sdk\6.0.302\Extensions'.
TpTrace Information: 0 : 18292, 1, 2022/11/15, 00:07:21.325, 267871930628, vstest.console.dll, AssemblyResolver.OnResolve: DumpMinitool.x86: Assembly path does not exist: 'C:\Program Files\dotnet\sdk\6.0.302\Extensions\DumpMinitool.x86.dll', returning.
TpTrace Information: 0 : 18292, 1, 2022/11/15, 00:07:21.326, 267871936966, vstest.console.dll, AssemblyResolver.OnResolve: DumpMinitool.x86: Loading assembly 'C:\Program Files\dotnet\sdk\6.0.302\Extensions\DumpMinitool.x86.exe'.
TpTrace Information: 0 : 18292, 1, 2022/11/15, 00:07:21.327, 267871943646, vstest.console.dll, AssemblyResolver.OnResolve: Resolved assembly: DumpMinitool.x86, from path: C:\Program Files\dotnet\sdk\6.0.302\Extensions\DumpMinitool.x86.exe
TpTrace Verbose: 0 : 18292, 1, 2022/11/15, 00:07:21.327, 267871944532, vstest.console.dll, MetadataReaderExtensionsHelper: Discovering extensions inside assembly 'DumpMinitool.x86, Version=15.0.0.0, Culture=neutral, PublicKeyToken=b03f5f7f11d50a3a' file path 'C:\Program Files\dotnet\sdk\6.0.302\Extensions\DumpMinitool.x86.exe'
TpTrace Information: 0 : 18292, 1, 2022/11/15, 00:07:21.328, 267871954141, vstest.console.dll, AssemblyResolver.OnResolve: Microsoft.Diagnostics.NETCore.Client: Resolving assembly.
TpTrace Information: 0 : 18292, 1, 2022/11/15, 00:07:21.328, 267871954879, vstest.console.dll, AssemblyResolver.OnResolve: Microsoft.Diagnostics.NETCore.Client: Searching in: 'C:\Program Files\dotnet\sdk\6.0.302\Extensions'.
TpTrace Information: 0 : 18292, 1, 2022/11/15, 00:07:21.328, 267871960603, vstest.console.dll, AssemblyResolver.OnResolve: Microsoft.Diagnostics.NETCore.Client: Loading assembly 'C:\Program Files\dotnet\sdk\6.0.302\Extensions\Microsoft.Diagnostics.NETCore.Client.dll'.
TpTrace Information: 0 : 18292, 1, 2022/11/15, 00:07:21.329, 267871968201, vstest.console.dll, AssemblyResolver.OnResolve: Resolved assembly: Microsoft.Diagnostics.NETCore.Client, from path: C:\Program Files\dotnet\sdk\6.0.302\Extensions\Microsoft.Diagnostics.NETCore.Client.dll
TpTrace Verbose: 0 : 18292, 1, 2022/11/15, 00:07:21.329, 267871969155, vstest.console.dll, MetadataReaderExtensionsHelper: Discovering extensions inside assembly 'Microsoft.Diagnostics.NETCore.Client, Version=0.2.5.801, Culture=neutral, PublicKeyToken=31bf3856ad364e35' file path 'C:\Program Files\dotnet\sdk\6.0.302\Extensions\Microsoft.Diagnostics.NETCore.Client.dll'
TpTrace Information: 0 : 18292, 1, 2022/11/15, 00:07:21.335, 267872025467, vstest.console.dll, AssemblyResolver.OnResolve: Microsoft.Bcl.AsyncInterfaces: Resolving assembly.
TpTrace Information: 0 : 18292, 1, 2022/11/15, 00:07:21.335, 267872026364, vstest.console.dll, AssemblyResolver.OnResolve: Microsoft.Bcl.AsyncInterfaces: Searching in: 'C:\Program Files\dotnet\sdk\6.0.302\Extensions'.
TpTrace Information: 0 : 18292, 1, 2022/11/15, 00:07:21.335, 267872027223, vstest.console.dll, AssemblyResolver.OnResolve: Microsoft.Bcl.AsyncInterfaces: Assembly path does not exist: 'C:\Program Files\dotnet\sdk\6.0.302\Extensions\Microsoft.Bcl.AsyncInterfaces.dll', returning.
TpTrace Information: 0 : 18292, 1, 2022/11/15, 00:07:21.335, 267872027901, vstest.console.dll, AssemblyResolver.OnResolve: Microsoft.Bcl.AsyncInterfaces: Assembly path does not exist: 'C:\Program Files\dotnet\sdk\6.0.302\Extensions\Microsoft.Bcl.AsyncInterfaces.exe', returning.
TpTrace Information: 0 : 18292, 1, 2022/11/15, 00:07:21.335, 267872028249, vstest.console.dll, AssemblyResolver.OnResolve: Microsoft.Bcl.AsyncInterfaces: Searching in: 'C:\Program Files\dotnet\sdk\6.0.302'.
TpTrace Information: 0 : 18292, 1, 2022/11/15, 00:07:21.335, 267872028870, vstest.console.dll, AssemblyResolver.OnResolve: Microsoft.Bcl.AsyncInterfaces: Assembly path does not exist: 'C:\Program Files\dotnet\sdk\6.0.302\Microsoft.Bcl.AsyncInterfaces.dll', returning.
TpTrace Information: 0 : 18292, 1, 2022/11/15, 00:07:21.335, 267872029455, vstest.console.dll, AssemblyResolver.OnResolve: Microsoft.Bcl.AsyncInterfaces: Assembly path does not exist: 'C:\Program Files\dotnet\sdk\6.0.302\Microsoft.Bcl.AsyncInterfaces.exe', returning.
TpTrace Information: 0 : 18292, 1, 2022/11/15, 00:07:21.335, 267872029769, vstest.console.dll, AssemblyResolver.OnResolve: Microsoft.Bcl.AsyncInterfaces: Failed to load assembly.
TpTrace Verbose: 0 : 18292, 1, 2022/11/15, 00:07:21.335, 267872030164, vstest.console.dll, CurrentDomainAssemblyResolve: Resolving assembly 'Microsoft.Bcl.AsyncInterfaces'.
TpTrace Information: 0 : 18292, 1, 2022/11/15, 00:07:21.335, 267872030747, vstest.console.dll, AssemblyResolver.OnResolve: Microsoft.Bcl.AsyncInterfaces: Resolving assembly.
TpTrace Information: 0 : 18292, 1, 2022/11/15, 00:07:21.335, 267872031119, vstest.console.dll, AssemblyResolver.OnResolve: Microsoft.Bcl.AsyncInterfaces: Resolved from cache.
TpTrace Verbose: 0 : 18292, 1, 2022/11/15, 00:07:21.335, 267872031411, vstest.console.dll, CurrentDomainAssemblyResolve: Resolving assembly 'Microsoft.Bcl.AsyncInterfaces'.
TpTrace Verbose: 0 : 18292, 1, 2022/11/15, 00:07:21.335, 267872031755, vstest.console.dll, CurrentDomainAssemblyResolve: Failed to resolve assembly 'Microsoft.Bcl.AsyncInterfaces'.
TpTrace Verbose: 0 : 18292, 1, 2022/11/15, 00:07:21.336, 267872036600, vstest.console.dll, CurrentDomainAssemblyResolve: Failed to resolve assembly 'Microsoft.Bcl.AsyncInterfaces'.
TpTrace Warning: 0 : 18292, 1, 2022/11/15, 00:07:21.346, 267872133983, vstest.console.dll, TestPluginDiscoverer: Failed to get types from assembly 'Microsoft.Diagnostics.NETCore.Client, Version=0.2.5.801, Culture=neutral, PublicKeyToken=31bf3856ad364e35'. Error: System.Reflection.ReflectionTypeLoadException: Unable to load one or more of the requested types.
Could not load file or assembly 'Microsoft.Bcl.AsyncInterfaces, Version=1.0.0.0, Culture=neutral, PublicKeyToken=cc7b13ffcd2ddd51'. The system cannot find the file specified.
   at System.Reflection.RuntimeModule.GetTypes(RuntimeModule module)
   at System.Reflection.Assembly.GetTypes()
   at Microsoft.VisualStudio.TestPlatform.Common.ExtensionFramework.TestPluginDiscoverer.GetTestExtensionsFromAssembly[TPluginInfo,TExtension](Assembly assembly, Dictionary`2 pluginInfos, String filePath)
System.IO.FileNotFoundException: Could not load file or assembly 'Microsoft.Bcl.AsyncInterfaces, Version=1.0.0.0, Culture=neutral, PublicKeyToken=cc7b13ffcd2ddd51'. The system cannot find the file specified.
File name: 'Microsoft.Bcl.AsyncInterfaces, Version=1.0.0.0, Culture=neutral, PublicKeyToken=cc7b13ffcd2ddd51'
 ---> System.IO.FileNotFoundException: Could not load file or assembly 'Microsoft.Bcl.AsyncInterfaces, Culture=neutral, PublicKeyToken=null'. The system cannot find the file specified.
File name: 'Microsoft.Bcl.AsyncInterfaces, Culture=neutral, PublicKeyToken=null'
   at System.Reflection.RuntimeAssembly.InternalLoad(ObjectHandleOnStack assemblyName, ObjectHandleOnStack requestingAssembly, StackCrawlMarkHandle stackMark, Boolean throwOnFileNotFound, ObjectHandleOnStack assemblyLoadContext, ObjectHandleOnStack retAssembly)
   at System.Reflection.RuntimeAssembly.InternalLoad(AssemblyName assemblyName, RuntimeAssembly requestingAssembly, StackCrawlMark& stackMark, Boolean throwOnFileNotFound, AssemblyLoadContext assemblyLoadContext)
   at System.Reflection.Assembly.Load(AssemblyName assemblyRef)
   at Microsoft.VisualStudio.TestPlatform.Common.ExtensionFramework.TestPluginCache.CurrentDomainAssemblyResolve(Object sender, AssemblyResolveEventArgs args)
   at Microsoft.VisualStudio.TestPlatform.PlatformAbstractions.PlatformAssemblyResolver.AssemblyResolverEvent(Object sender, Object eventArgs)
   at System.Runtime.Loader.AssemblyLoadContext.GetFirstResolvedAssemblyFromResolvingEvent(AssemblyName assemblyName)
   at System.Runtime.Loader.AssemblyLoadContext.ResolveUsingEvent(AssemblyName assemblyName)
   at System.Runtime.Loader.AssemblyLoadContext.ResolveUsingResolvingEvent(IntPtr gchManagedAssemblyLoadContext, AssemblyName assemblyName)
TpTrace Warning: 0 : 18292, 1, 2022/11/15, 00:07:21.346, 267872136920, vstest.console.dll, LoaderExceptions: System.IO.FileNotFoundException: Could not load file or assembly 'Microsoft.Bcl.AsyncInterfaces, Version=1.0.0.0, Culture=neutral, PublicKeyToken=cc7b13ffcd2ddd51'. The system cannot find the file specified.
File name: 'Microsoft.Bcl.AsyncInterfaces, Version=1.0.0.0, Culture=neutral, PublicKeyToken=cc7b13ffcd2ddd51'
 ---> System.IO.FileNotFoundException: Could not load file or assembly 'Microsoft.Bcl.AsyncInterfaces, Culture=neutral, PublicKeyToken=null'. The system cannot find the file specified.
File name: 'Microsoft.Bcl.AsyncInterfaces, Culture=neutral, PublicKeyToken=null'
   at System.Reflection.RuntimeAssembly.InternalLoad(ObjectHandleOnStack assemblyName, ObjectHandleOnStack requestingAssembly, StackCrawlMarkHandle stackMark, Boolean throwOnFileNotFound, ObjectHandleOnStack assemblyLoadContext, ObjectHandleOnStack retAssembly)
   at System.Reflection.RuntimeAssembly.InternalLoad(AssemblyName assemblyName, RuntimeAssembly requestingAssembly, StackCrawlMark& stackMark, Boolean throwOnFileNotFound, AssemblyLoadContext assemblyLoadContext)
   at System.Reflection.Assembly.Load(AssemblyName assemblyRef)
   at Microsoft.VisualStudio.TestPlatform.Common.ExtensionFramework.TestPluginCache.CurrentDomainAssemblyResolve(Object sender, AssemblyResolveEventArgs args)
   at Microsoft.VisualStudio.TestPlatform.PlatformAbstractions.PlatformAssemblyResolver.AssemblyResolverEvent(Object sender, Object eventArgs)
   at System.Runtime.Loader.AssemblyLoadContext.GetFirstResolvedAssemblyFromResolvingEvent(AssemblyName assemblyName)
   at System.Runtime.Loader.AssemblyLoadContext.ResolveUsingEvent(AssemblyName assemblyName)
   at System.Runtime.Loader.AssemblyLoadContext.ResolveUsingResolvingEvent(IntPtr gchManagedAssemblyLoadContext, AssemblyName assemblyName)
TpTrace Information: 0 : 18292, 1, 2022/11/15, 00:07:21.346, 267872137976, vstest.console.dll, AssemblyResolver.OnResolve: Microsoft.TestPlatform.Extensions.BlameDataCollector: Resolving assembly.
TpTrace Information: 0 : 18292, 1, 2022/11/15, 00:07:21.346, 267872138350, vstest.console.dll, AssemblyResolver.OnResolve: Microsoft.TestPlatform.Extensions.BlameDataCollector: Searching in: 'C:\Program Files\dotnet\sdk\6.0.302\Extensions'.
TpTrace Information: 0 : 18292, 1, 2022/11/15, 00:07:21.347, 267872143511, vstest.console.dll, AssemblyResolver.OnResolve: Microsoft.TestPlatform.Extensions.BlameDataCollector: Loading assembly 'C:\Program Files\dotnet\sdk\6.0.302\Extensions\Microsoft.TestPlatform.Extensions.BlameDataCollector.dll'.
TpTrace Information: 0 : 18292, 1, 2022/11/15, 00:07:21.347, 267872150210, vstest.console.dll, AssemblyResolver.OnResolve: Resolved assembly: Microsoft.TestPlatform.Extensions.BlameDataCollector, from path: C:\Program Files\dotnet\sdk\6.0.302\Extensions\Microsoft.TestPlatform.Extensions.BlameDataCollector.dll
TpTrace Verbose: 0 : 18292, 1, 2022/11/15, 00:07:21.347, 267872151153, vstest.console.dll, MetadataReaderExtensionsHelper: Discovering extensions inside assembly 'Microsoft.TestPlatform.Extensions.BlameDataCollector, Version=15.0.0.0, Culture=neutral, PublicKeyToken=b03f5f7f11d50a3a' file path 'C:\Program Files\dotnet\sdk\6.0.302\Extensions\Microsoft.TestPlatform.Extensions.BlameDataCollector.dll'
TpTrace Information: 0 : 18292, 1, 2022/11/15, 00:07:21.349, 267872165186, vstest.console.dll, AssemblyResolver.OnResolve: Microsoft.TestPlatform.Extensions.EventLogCollector: Resolving assembly.
TpTrace Information: 0 : 18292, 1, 2022/11/15, 00:07:21.349, 267872165881, vstest.console.dll, AssemblyResolver.OnResolve: Microsoft.TestPlatform.Extensions.EventLogCollector: Searching in: 'C:\Program Files\dotnet\sdk\6.0.302\Extensions'.
TpTrace Information: 0 : 18292, 1, 2022/11/15, 00:07:21.349, 267872171465, vstest.console.dll, AssemblyResolver.OnResolve: Microsoft.TestPlatform.Extensions.EventLogCollector: Loading assembly 'C:\Program Files\dotnet\sdk\6.0.302\Extensions\Microsoft.TestPlatform.Extensions.EventLogCollector.dll'.
TpTrace Information: 0 : 18292, 1, 2022/11/15, 00:07:21.350, 267872177197, vstest.console.dll, AssemblyResolver.OnResolve: Resolved assembly: Microsoft.TestPlatform.Extensions.EventLogCollector, from path: C:\Program Files\dotnet\sdk\6.0.302\Extensions\Microsoft.TestPlatform.Extensions.EventLogCollector.dll
TpTrace Verbose: 0 : 18292, 1, 2022/11/15, 00:07:21.350, 267872177900, vstest.console.dll, MetadataReaderExtensionsHelper: Discovering extensions inside assembly 'Microsoft.TestPlatform.Extensions.EventLogCollector, Version=15.0.0.0, Culture=neutral, PublicKeyToken=b03f5f7f11d50a3a' file path 'C:\Program Files\dotnet\sdk\6.0.302\Extensions\Microsoft.TestPlatform.Extensions.EventLogCollector.dll'
TpTrace Information: 0 : 18292, 1, 2022/11/15, 00:07:21.351, 267872189767, vstest.console.dll, AssemblyResolver.OnResolve: Microsoft.TestPlatform.TestHostRuntimeProvider: Resolving assembly.
TpTrace Information: 0 : 18292, 1, 2022/11/15, 00:07:21.351, 267872190650, vstest.console.dll, AssemblyResolver.OnResolve: Microsoft.TestPlatform.TestHostRuntimeProvider: Searching in: 'C:\Program Files\dotnet\sdk\6.0.302\Extensions'.
TpTrace Information: 0 : 18292, 1, 2022/11/15, 00:07:21.352, 267872195640, vstest.console.dll, AssemblyResolver.OnResolve: Microsoft.TestPlatform.TestHostRuntimeProvider: Loading assembly 'C:\Program Files\dotnet\sdk\6.0.302\Extensions\Microsoft.TestPlatform.TestHostRuntimeProvider.dll'.
TpTrace Information: 0 : 18292, 1, 2022/11/15, 00:07:21.352, 267872202002, vstest.console.dll, AssemblyResolver.OnResolve: Resolved assembly: Microsoft.TestPlatform.TestHostRuntimeProvider, from path: C:\Program Files\dotnet\sdk\6.0.302\Extensions\Microsoft.TestPlatform.TestHostRuntimeProvider.dll
TpTrace Verbose: 0 : 18292, 1, 2022/11/15, 00:07:21.353, 267872202700, vstest.console.dll, MetadataReaderExtensionsHelper: Discovering extensions inside assembly 'Microsoft.TestPlatform.TestHostRuntimeProvider, Version=15.0.0.0, Culture=neutral, PublicKeyToken=b03f5f7f11d50a3a' file path 'C:\Program Files\dotnet\sdk\6.0.302\Extensions\Microsoft.TestPlatform.TestHostRuntimeProvider.dll'
TpTrace Information: 0 : 18292, 1, 2022/11/15, 00:07:21.355, 267872222409, vstest.console.dll, GetTestExtensionFromType: Register extension with identifier data 'HostProvider://DefaultTestHost' and type 'Microsoft.VisualStudio.TestPlatform.CrossPlatEngine.Hosting.DefaultTestHostManager, Microsoft.TestPlatform.TestHostRuntimeProvider, Version=15.0.0.0, Culture=neutral, PublicKeyToken=b03f5f7f11d50a3a' inside file 'C:\Program Files\dotnet\sdk\6.0.302\Extensions\Microsoft.TestPlatform.TestHostRuntimeProvider.dll'
TpTrace Information: 0 : 18292, 1, 2022/11/15, 00:07:21.355, 267872223402, vstest.console.dll, GetTestExtensionFromType: Register extension with identifier data 'HostProvider://DotnetTestHost' and type 'Microsoft.VisualStudio.TestPlatform.CrossPlatEngine.Hosting.DotnetTestHostManager, Microsoft.TestPlatform.TestHostRuntimeProvider, Version=15.0.0.0, Culture=neutral, PublicKeyToken=b03f5f7f11d50a3a' inside file 'C:\Program Files\dotnet\sdk\6.0.302\Extensions\Microsoft.TestPlatform.TestHostRuntimeProvider.dll'
TpTrace Information: 0 : 18292, 1, 2022/11/15, 00:07:21.355, 267872224229, vstest.console.dll, AssemblyResolver.OnResolve: Microsoft.VisualStudio.TestPlatform.Extensions.Html.TestLogger: Resolving assembly.
TpTrace Information: 0 : 18292, 1, 2022/11/15, 00:07:21.355, 267872224588, vstest.console.dll, AssemblyResolver.OnResolve: Microsoft.VisualStudio.TestPlatform.Extensions.Html.TestLogger: Searching in: 'C:\Program Files\dotnet\sdk\6.0.302\Extensions'.
TpTrace Information: 0 : 18292, 1, 2022/11/15, 00:07:21.355, 267872230573, vstest.console.dll, AssemblyResolver.OnResolve: Microsoft.VisualStudio.TestPlatform.Extensions.Html.TestLogger: Loading assembly 'C:\Program Files\dotnet\sdk\6.0.302\Extensions\Microsoft.VisualStudio.TestPlatform.Extensions.Html.TestLogger.dll'.
TpTrace Information: 0 : 18292, 1, 2022/11/15, 00:07:21.356, 267872237219, vstest.console.dll, AssemblyResolver.OnResolve: Resolved assembly: Microsoft.VisualStudio.TestPlatform.Extensions.Html.TestLogger, from path: C:\Program Files\dotnet\sdk\6.0.302\Extensions\Microsoft.VisualStudio.TestPlatform.Extensions.Html.TestLogger.dll
TpTrace Verbose: 0 : 18292, 1, 2022/11/15, 00:07:21.356, 267872237972, vstest.console.dll, MetadataReaderExtensionsHelper: Discovering extensions inside assembly 'Microsoft.VisualStudio.TestPlatform.Extensions.Html.TestLogger, Version=15.0.0.0, Culture=neutral, PublicKeyToken=b03f5f7f11d50a3a' file path 'C:\Program Files\dotnet\sdk\6.0.302\Extensions\Microsoft.VisualStudio.TestPlatform.Extensions.Html.TestLogger.dll'
TpTrace Information: 0 : 18292, 1, 2022/11/15, 00:07:21.357, 267872246536, vstest.console.dll, AssemblyResolver.OnResolve: Microsoft.VisualStudio.TestPlatform.Extensions.Trx.TestLogger: Resolving assembly.
TpTrace Information: 0 : 18292, 1, 2022/11/15, 00:07:21.357, 267872247097, vstest.console.dll, AssemblyResolver.OnResolve: Microsoft.VisualStudio.TestPlatform.Extensions.Trx.TestLogger: Searching in: 'C:\Program Files\dotnet\sdk\6.0.302\Extensions'.
TpTrace Information: 0 : 18292, 1, 2022/11/15, 00:07:21.358, 267872252337, vstest.console.dll, AssemblyResolver.OnResolve: Microsoft.VisualStudio.TestPlatform.Extensions.Trx.TestLogger: Loading assembly 'C:\Program Files\dotnet\sdk\6.0.302\Extensions\Microsoft.VisualStudio.TestPlatform.Extensions.Trx.TestLogger.dll'.
TpTrace Information: 0 : 18292, 1, 2022/11/15, 00:07:21.358, 267872258905, vstest.console.dll, AssemblyResolver.OnResolve: Resolved assembly: Microsoft.VisualStudio.TestPlatform.Extensions.Trx.TestLogger, from path: C:\Program Files\dotnet\sdk\6.0.302\Extensions\Microsoft.VisualStudio.TestPlatform.Extensions.Trx.TestLogger.dll
TpTrace Verbose: 0 : 18292, 1, 2022/11/15, 00:07:21.358, 267872259566, vstest.console.dll, MetadataReaderExtensionsHelper: Discovering extensions inside assembly 'Microsoft.VisualStudio.TestPlatform.Extensions.Trx.TestLogger, Version=15.0.0.0, Culture=neutral, PublicKeyToken=b03f5f7f11d50a3a' file path 'C:\Program Files\dotnet\sdk\6.0.302\Extensions\Microsoft.VisualStudio.TestPlatform.Extensions.Trx.TestLogger.dll'
TpTrace Verbose: 0 : 18292, 1, 2022/11/15, 00:07:21.359, 267872270311, vstest.console.dll, TestPluginCache: Discovered the extensions using extension path ''.
TpTrace Verbose: 0 : 18292, 1, 2022/11/15, 00:07:21.359, 267872270949, vstest.console.dll, TestPluginCache: Discoverers are ''.
TpTrace Verbose: 0 : 18292, 1, 2022/11/15, 00:07:21.359, 267872271229, vstest.console.dll, TestPluginCache: Executors are ''.
TpTrace Verbose: 0 : 18292, 1, 2022/11/15, 00:07:21.359, 267872271512, vstest.console.dll, TestPluginCache: Executors2 are ''.
TpTrace Verbose: 0 : 18292, 1, 2022/11/15, 00:07:21.359, 267872271744, vstest.console.dll, TestPluginCache: Setting providers are ''.
TpTrace Verbose: 0 : 18292, 1, 2022/11/15, 00:07:21.359, 267872271973, vstest.console.dll, TestPluginCache: Loggers are ''.
TpTrace Verbose: 0 : 18292, 1, 2022/11/15, 00:07:21.360, 267872273273, vstest.console.dll, TestPluginCache: TestHosts are 'HostProvider://DefaultTestHost,HostProvider://DotnetTestHost'.
TpTrace Verbose: 0 : 18292, 1, 2022/11/15, 00:07:21.360, 267872273615, vstest.console.dll, TestPluginCache: DataCollectors are ''.
TpTrace Information: 0 : 18292, 1, 2022/11/15, 00:07:21.370, 267872380223, vstest.console.dll, RunTestsArgumentProcessor:Execute: Test run is starting.
TpTrace Verbose: 0 : 18292, 1, 2022/11/15, 00:07:21.370, 267872381088, vstest.console.dll, RunTestsArgumentProcessor:Execute: Queuing Test run.
TpTrace Information: 0 : 18292, 1, 2022/11/15, 00:07:21.371, 267872382809, vstest.console.dll, TestRequestManager.RunTests: run tests started.
TpTrace Information: 0 : 18292, 1, 2022/11/15, 00:07:21.372, 267872399376, vstest.console.dll, AssemblyMetadataProvider.GetFrameWork: Determined framework:'.NETCoreApp,Version=v6.0' for source: 'D:\Antern\IAmInterviewed\IAmInterviewed\Code\IAI\WebAPI\IAI.UnitTest\bin\Debug\net6.0\fine-code-coverage\build-output\IAI.UnitTest.dll'
TpTrace Information: 0 : 18292, 1, 2022/11/15, 00:07:21.372, 267872400633, vstest.console.dll, Determined framework for all sources: .NETCoreApp,Version=v6.0
TpTrace Verbose: 0 : 18292, 1, 2022/11/15, 00:07:21.373, 267872404049, vstest.console.dll, TestRequestManager.UpdateRunSettingsIfRequired: Default architecture: X64 IsDefaultTargetArchitecture: True, Current process architecture: X64 OperatingSystem: Windows.
TpTrace Information: 0 : 18292, 1, 2022/11/15, 00:07:21.373, 267872406379, vstest.console.dll, AssemblyMetadataProvider.GetArchitecture: Determined architecture:AnyCPU info for assembly: D:\Antern\IAmInterviewed\IAmInterviewed\Code\IAI\WebAPI\IAI.UnitTest\bin\Debug\net6.0\fine-code-coverage\build-output\IAI.UnitTest.dll
TpTrace Information: 0 : 18292, 1, 2022/11/15, 00:07:21.373, 267872406816, vstest.console.dll, Determined platform for source 'D:\Antern\IAmInterviewed\IAmInterviewed\Code\IAI\WebAPI\IAI.UnitTest\bin\Debug\net6.0\fine-code-coverage\build-output\IAI.UnitTest.dll' is 'AnyCPU'
TpTrace Information: 0 : 18292, 1, 2022/11/15, 00:07:21.375, 267872422762, vstest.console.dll, Determined platform for all sources: X64
TpTrace Information: 0 : 18292, 1, 2022/11/15, 00:07:21.375, 267872423273, vstest.console.dll, Infered platform 'X64'.
TpTrace Information: 0 : 18292, 1, 2022/11/15, 00:07:21.375, 267872423581, vstest.console.dll, Platform update to 'X64' required.
TpTrace Information: 0 : 18292, 1, 2022/11/15, 00:07:21.377, 267872445878, vstest.console.dll, Compatible sources list: 
TpTrace Information: 0 : 18292, 1, 2022/11/15, 00:07:21.377, 267872446450, vstest.console.dll, D:\Antern\IAmInterviewed\IAmInterviewed\Code\IAI\WebAPI\IAI.UnitTest\bin\Debug\net6.0\fine-code-coverage\build-output\IAI.UnitTest.dll
TpTrace Information: 0 : 18292, 1, 2022/11/15, 00:07:21.379, 267872467695, vstest.console.dll, InferRunSettingsHelper.IsTestSettingsEnabled: Unable to navigate to RunSettings/MSTest. Current node: RunSettings
TpTrace Information: 0 : 18292, 1, 2022/11/15, 00:07:21.380, 267872474107, vstest.console.dll, AssemblyResolver.OnResolve: Microsoft.VisualStudio.TestPlatform.Fakes: Resolving assembly.
TpTrace Information: 0 : 18292, 1, 2022/11/15, 00:07:21.380, 267872474788, vstest.console.dll, AssemblyResolver.OnResolve: Microsoft.VisualStudio.TestPlatform.Fakes: Searching in: 'C:\Program Files\dotnet\sdk\6.0.302\Extensions'.
TpTrace Information: 0 : 18292, 1, 2022/11/15, 00:07:21.380, 267872475876, vstest.console.dll, AssemblyResolver.OnResolve: Microsoft.VisualStudio.TestPlatform.Fakes: Assembly path does not exist: 'C:\Program Files\dotnet\sdk\6.0.302\Extensions\Microsoft.VisualStudio.TestPlatform.Fakes.dll', returning.
TpTrace Information: 0 : 18292, 1, 2022/11/15, 00:07:21.380, 267872476529, vstest.console.dll, AssemblyResolver.OnResolve: Microsoft.VisualStudio.TestPlatform.Fakes: Assembly path does not exist: 'C:\Program Files\dotnet\sdk\6.0.302\Extensions\Microsoft.VisualStudio.TestPlatform.Fakes.exe', returning.
TpTrace Information: 0 : 18292, 1, 2022/11/15, 00:07:21.380, 267872476829, vstest.console.dll, AssemblyResolver.OnResolve: Microsoft.VisualStudio.TestPlatform.Fakes: Searching in: 'C:\Program Files\dotnet\sdk\6.0.302'.
TpTrace Information: 0 : 18292, 1, 2022/11/15, 00:07:21.380, 267872477491, vstest.console.dll, AssemblyResolver.OnResolve: Microsoft.VisualStudio.TestPlatform.Fakes: Assembly path does not exist: 'C:\Program Files\dotnet\sdk\6.0.302\Microsoft.VisualStudio.TestPlatform.Fakes.dll', returning.
TpTrace Information: 0 : 18292, 1, 2022/11/15, 00:07:21.380, 267872478090, vstest.console.dll, AssemblyResolver.OnResolve: Microsoft.VisualStudio.TestPlatform.Fakes: Assembly path does not exist: 'C:\Program Files\dotnet\sdk\6.0.302\Microsoft.VisualStudio.TestPlatform.Fakes.exe', returning.
TpTrace Information: 0 : 18292, 1, 2022/11/15, 00:07:21.380, 267872478381, vstest.console.dll, AssemblyResolver.OnResolve: Microsoft.VisualStudio.TestPlatform.Fakes: Failed to load assembly.
TpTrace Information: 0 : 18292, 1, 2022/11/15, 00:07:21.380, 267872480716, vstest.console.dll, Failed to load assembly Microsoft.VisualStudio.TestPlatform.Fakes, Version=17.0.0.0, Culture=neutral. Reason:System.IO.FileNotFoundException: Could not load file or assembly 'Microsoft.VisualStudio.TestPlatform.Fakes, Version=17.0.0.0, Culture=neutral, PublicKeyToken=null'. The system cannot find the file specified.
File name: 'Microsoft.VisualStudio.TestPlatform.Fakes, Version=17.0.0.0, Culture=neutral, PublicKeyToken=null'
   at System.Reflection.RuntimeAssembly.InternalLoad(ObjectHandleOnStack assemblyName, ObjectHandleOnStack requestingAssembly, StackCrawlMarkHandle stackMark, Boolean throwOnFileNotFound, ObjectHandleOnStack assemblyLoadContext, ObjectHandleOnStack retAssembly)
   at System.Reflection.RuntimeAssembly.InternalLoad(AssemblyName assemblyName, RuntimeAssembly requestingAssembly, StackCrawlMark& stackMark, Boolean throwOnFileNotFound, AssemblyLoadContext assemblyLoadContext)
   at System.Reflection.Assembly.Load(AssemblyName assemblyRef)
   at Microsoft.VisualStudio.TestPlatform.Common.Utilities.FakesUtilities.LoadTestPlatformAssembly()
TpTrace Verbose: 0 : 18292, 1, 2022/11/15, 00:07:21.384, 267872514794, vstest.console.dll, TestPluginCache.DiscoverTestExtensions: finding test extensions in assemblies ends with: TestLogger.dll TPluginInfo: Microsoft.VisualStudio.TestPlatform.Common.ExtensionFramework.Utilities.TestLoggerPluginInformation TExtension: Microsoft.VisualStudio.TestPlatform.ObjectModel.Client.ITestLogger
TpTrace Verbose: 0 : 18292, 1, 2022/11/15, 00:07:21.384, 267872515714, vstest.console.dll, TestPluginCache.GetExtensionPaths: Filtered extension paths: 
TpTrace Verbose: 0 : 18292, 1, 2022/11/15, 00:07:21.384, 267872516049, vstest.console.dll, TestPluginCache.GetExtensionPaths: Added default extension paths: C:\Program Files\dotnet\sdk\6.0.302\Extensions\DumpMinitool.exe
C:\Program Files\dotnet\sdk\6.0.302\Extensions\DumpMinitool.x86.exe
C:\Program Files\dotnet\sdk\6.0.302\Extensions\Microsoft.Diagnostics.NETCore.Client.dll
C:\Program Files\dotnet\sdk\6.0.302\Extensions\Microsoft.TestPlatform.Extensions.BlameDataCollector.dll
C:\Program Files\dotnet\sdk\6.0.302\Extensions\Microsoft.TestPlatform.Extensions.EventLogCollector.dll
C:\Program Files\dotnet\sdk\6.0.302\Extensions\Microsoft.TestPlatform.TestHostRuntimeProvider.dll
C:\Program Files\dotnet\sdk\6.0.302\Extensions\Microsoft.VisualStudio.TestPlatform.Extensions.Html.TestLogger.dll
C:\Program Files\dotnet\sdk\6.0.302\Extensions\Microsoft.VisualStudio.TestPlatform.Extensions.Trx.TestLogger.dll
TpTrace Verbose: 0 : 18292, 1, 2022/11/15, 00:07:21.384, 267872516397, vstest.console.dll, TestPluginCache.GetExtensionPaths: Added unfilterableExtensionPaths: 
TpTrace Information: 0 : 18292, 1, 2022/11/15, 00:07:21.384, 267872517692, vstest.console.dll, AssemblyResolver.AddSearchDirectories: Adding more searchDirectories C:\Program Files\dotnet\sdk\6.0.302\Extensions,C:\Program Files\dotnet\sdk\6.0.302
TpTrace Verbose: 0 : 18292, 1, 2022/11/15, 00:07:21.384, 267872518151, vstest.console.dll, TestPluginCache.DiscoverTestExtensions: Discovering the extensions using extension path.
TpTrace Verbose: 0 : 18292, 1, 2022/11/15, 00:07:21.384, 267872518473, vstest.console.dll, TestPluginCache.GetExtensionPaths: Filtered extension paths: 
TpTrace Verbose: 0 : 18292, 1, 2022/11/15, 00:07:21.384, 267872518738, vstest.console.dll, TestPluginCache.GetExtensionPaths: Added default extension paths: C:\Program Files\dotnet\sdk\6.0.302\Extensions\DumpMinitool.exe
C:\Program Files\dotnet\sdk\6.0.302\Extensions\DumpMinitool.x86.exe
C:\Program Files\dotnet\sdk\6.0.302\Extensions\Microsoft.Diagnostics.NETCore.Client.dll
C:\Program Files\dotnet\sdk\6.0.302\Extensions\Microsoft.TestPlatform.Extensions.BlameDataCollector.dll
C:\Program Files\dotnet\sdk\6.0.302\Extensions\Microsoft.TestPlatform.Extensions.EventLogCollector.dll
C:\Program Files\dotnet\sdk\6.0.302\Extensions\Microsoft.TestPlatform.TestHostRuntimeProvider.dll
C:\Program Files\dotnet\sdk\6.0.302\Extensions\Microsoft.VisualStudio.TestPlatform.Extensions.Html.TestLogger.dll
C:\Program Files\dotnet\sdk\6.0.302\Extensions\Microsoft.VisualStudio.TestPlatform.Extensions.Trx.TestLogger.dll
TpTrace Verbose: 0 : 18292, 1, 2022/11/15, 00:07:21.384, 267872519556, vstest.console.dll, TestPluginCache.GetExtensionPaths: Added unfilterableExtensionPaths: 
TpTrace Verbose: 0 : 18292, 1, 2022/11/15, 00:07:21.384, 267872519905, vstest.console.dll, TestPluginCache.DiscoverTestExtensions: Discovering the extensions using allExtensionPaths: C:\Program Files\dotnet\sdk\6.0.302\Extensions\DumpMinitool.exe
C:\Program Files\dotnet\sdk\6.0.302\Extensions\DumpMinitool.x86.exe
C:\Program Files\dotnet\sdk\6.0.302\Extensions\Microsoft.Diagnostics.NETCore.Client.dll
C:\Program Files\dotnet\sdk\6.0.302\Extensions\Microsoft.TestPlatform.Extensions.BlameDataCollector.dll
C:\Program Files\dotnet\sdk\6.0.302\Extensions\Microsoft.TestPlatform.Extensions.EventLogCollector.dll
C:\Program Files\dotnet\sdk\6.0.302\Extensions\Microsoft.TestPlatform.TestHostRuntimeProvider.dll
C:\Program Files\dotnet\sdk\6.0.302\Extensions\Microsoft.VisualStudio.TestPlatform.Extensions.Html.TestLogger.dll
C:\Program Files\dotnet\sdk\6.0.302\Extensions\Microsoft.VisualStudio.TestPlatform.Extensions.Trx.TestLogger.dll
TpTrace Information: 0 : 18292, 1, 2022/11/15, 00:07:21.384, 267872520423, vstest.console.dll, AssemblyResolver.AddSearchDirectories: Adding more searchDirectories C:\Program Files\dotnet\sdk\6.0.302\Extensions,C:\Program Files\dotnet\sdk\6.0.302
TpTrace Information: 0 : 18292, 1, 2022/11/15, 00:07:21.384, 267872520739, vstest.console.dll, AssemblyResolver.AddSearchDirectories: Adding more searchDirectories C:\Program Files\dotnet\sdk\6.0.302\Extensions,C:\Program Files\dotnet\sdk\6.0.302
TpTrace Information: 0 : 18292, 1, 2022/11/15, 00:07:21.384, 267872521070, vstest.console.dll, AssemblyResolver.AddSearchDirectories: Adding more searchDirectories C:\Program Files\dotnet\sdk\6.0.302\Extensions,C:\Program Files\dotnet\sdk\6.0.302
TpTrace Information: 0 : 18292, 1, 2022/11/15, 00:07:21.384, 267872521355, vstest.console.dll, AssemblyResolver.AddSearchDirectories: Adding more searchDirectories C:\Program Files\dotnet\sdk\6.0.302\Extensions,C:\Program Files\dotnet\sdk\6.0.302
TpTrace Information: 0 : 18292, 1, 2022/11/15, 00:07:21.384, 267872521626, vstest.console.dll, AssemblyResolver.AddSearchDirectories: Adding more searchDirectories C:\Program Files\dotnet\sdk\6.0.302\Extensions,C:\Program Files\dotnet\sdk\6.0.302
TpTrace Information: 0 : 18292, 1, 2022/11/15, 00:07:21.384, 267872521928, vstest.console.dll, AssemblyResolver.AddSearchDirectories: Adding more searchDirectories C:\Program Files\dotnet\sdk\6.0.302\Extensions,C:\Program Files\dotnet\sdk\6.0.302
TpTrace Information: 0 : 18292, 1, 2022/11/15, 00:07:21.385, 267872522246, vstest.console.dll, AssemblyResolver.AddSearchDirectories: Adding more searchDirectories C:\Program Files\dotnet\sdk\6.0.302\Extensions,C:\Program Files\dotnet\sdk\6.0.302
TpTrace Information: 0 : 18292, 1, 2022/11/15, 00:07:21.385, 267872522511, vstest.console.dll, AssemblyResolver.AddSearchDirectories: Adding more searchDirectories C:\Program Files\dotnet\sdk\6.0.302\Extensions,C:\Program Files\dotnet\sdk\6.0.302
TpTrace Verbose: 0 : 18292, 1, 2022/11/15, 00:07:21.385, 267872523641, vstest.console.dll, MetadataReaderExtensionsHelper: Discovering extensions inside assembly 'DumpMinitool, Version=15.0.0.0, Culture=neutral, PublicKeyToken=b03f5f7f11d50a3a' file path 'C:\Program Files\dotnet\sdk\6.0.302\Extensions\DumpMinitool.exe'
TpTrace Verbose: 0 : 18292, 1, 2022/11/15, 00:07:21.385, 267872530165, vstest.console.dll, MetadataReaderExtensionsHelper: Discovering extensions inside assembly 'DumpMinitool.x86, Version=15.0.0.0, Culture=neutral, PublicKeyToken=b03f5f7f11d50a3a' file path 'C:\Program Files\dotnet\sdk\6.0.302\Extensions\DumpMinitool.x86.exe'
TpTrace Verbose: 0 : 18292, 1, 2022/11/15, 00:07:21.386, 267872535257, vstest.console.dll, MetadataReaderExtensionsHelper: Discovering extensions inside assembly 'Microsoft.Diagnostics.NETCore.Client, Version=0.2.5.801, Culture=neutral, PublicKeyToken=31bf3856ad364e35' file path 'C:\Program Files\dotnet\sdk\6.0.302\Extensions\Microsoft.Diagnostics.NETCore.Client.dll'
TpTrace Information: 0 : 18292, 1, 2022/11/15, 00:07:21.387, 267872542331, vstest.console.dll, AssemblyResolver.OnResolve: Microsoft.Bcl.AsyncInterfaces: Resolving assembly.
TpTrace Information: 0 : 18292, 1, 2022/11/15, 00:07:21.387, 267872542886, vstest.console.dll, AssemblyResolver.OnResolve: Microsoft.Bcl.AsyncInterfaces: Resolved from cache.
TpTrace Verbose: 0 : 18292, 1, 2022/11/15, 00:07:21.387, 267872543278, vstest.console.dll, CurrentDomainAssemblyResolve: Resolving assembly 'Microsoft.Bcl.AsyncInterfaces'.
TpTrace Information: 0 : 18292, 1, 2022/11/15, 00:07:21.387, 267872543816, vstest.console.dll, AssemblyResolver.OnResolve: Microsoft.Bcl.AsyncInterfaces: Resolving assembly.
TpTrace Information: 0 : 18292, 1, 2022/11/15, 00:07:21.387, 267872544101, vstest.console.dll, AssemblyResolver.OnResolve: Microsoft.Bcl.AsyncInterfaces: Resolved from cache.
TpTrace Verbose: 0 : 18292, 1, 2022/11/15, 00:07:21.387, 267872544393, vstest.console.dll, CurrentDomainAssemblyResolve: Resolving assembly 'Microsoft.Bcl.AsyncInterfaces'.
TpTrace Verbose: 0 : 18292, 1, 2022/11/15, 00:07:21.387, 267872544644, vstest.console.dll, CurrentDomainAssemblyResolve: Failed to resolve assembly 'Microsoft.Bcl.AsyncInterfaces'.
TpTrace Verbose: 0 : 18292, 1, 2022/11/15, 00:07:21.387, 267872546082, vstest.console.dll, CurrentDomainAssemblyResolve: Failed to resolve assembly 'Microsoft.Bcl.AsyncInterfaces'.
TpTrace Warning: 0 : 18292, 1, 2022/11/15, 00:07:21.387, 267872549425, vstest.console.dll, TestPluginDiscoverer: Failed to get types from assembly 'Microsoft.Diagnostics.NETCore.Client, Version=0.2.5.801, Culture=neutral, PublicKeyToken=31bf3856ad364e35'. Error: System.Reflection.ReflectionTypeLoadException: Unable to load one or more of the requested types.
Could not load file or assembly 'Microsoft.Bcl.AsyncInterfaces, Version=1.0.0.0, Culture=neutral, PublicKeyToken=cc7b13ffcd2ddd51'. The system cannot find the file specified.
   at System.Reflection.RuntimeModule.GetTypes(RuntimeModule module)
   at System.Reflection.Assembly.GetTypes()
   at Microsoft.VisualStudio.TestPlatform.Common.ExtensionFramework.TestPluginDiscoverer.GetTestExtensionsFromAssembly[TPluginInfo,TExtension](Assembly assembly, Dictionary`2 pluginInfos, String filePath)
System.IO.FileNotFoundException: Could not load file or assembly 'Microsoft.Bcl.AsyncInterfaces, Version=1.0.0.0, Culture=neutral, PublicKeyToken=cc7b13ffcd2ddd51'. The system cannot find the file specified.
File name: 'Microsoft.Bcl.AsyncInterfaces, Version=1.0.0.0, Culture=neutral, PublicKeyToken=cc7b13ffcd2ddd51'
 ---> System.IO.FileNotFoundException: Could not load file or assembly 'Microsoft.Bcl.AsyncInterfaces, Culture=neutral, PublicKeyToken=null'. The system cannot find the file specified.
File name: 'Microsoft.Bcl.AsyncInterfaces, Culture=neutral, PublicKeyToken=null'
   at System.Reflection.RuntimeAssembly.InternalLoad(ObjectHandleOnStack assemblyName, ObjectHandleOnStack requestingAssembly, StackCrawlMarkHandle stackMark, Boolean throwOnFileNotFound, ObjectHandleOnStack assemblyLoadContext, ObjectHandleOnStack retAssembly)
   at System.Reflection.RuntimeAssembly.InternalLoad(AssemblyName assemblyName, RuntimeAssembly requestingAssembly, StackCrawlMark& stackMark, Boolean throwOnFileNotFound, AssemblyLoadContext assemblyLoadContext)
   at System.Reflection.Assembly.Load(AssemblyName assemblyRef)
   at Microsoft.VisualStudio.TestPlatform.Common.ExtensionFramework.TestPluginCache.CurrentDomainAssemblyResolve(Object sender, AssemblyResolveEventArgs args)
   at Microsoft.VisualStudio.TestPlatform.PlatformAbstractions.PlatformAssemblyResolver.AssemblyResolverEvent(Object sender, Object eventArgs)
   at System.Runtime.Loader.AssemblyLoadContext.GetFirstResolvedAssemblyFromResolvingEvent(AssemblyName assemblyName)
   at System.Runtime.Loader.AssemblyLoadContext.ResolveUsingEvent(AssemblyName assemblyName)
   at System.Runtime.Loader.AssemblyLoadContext.ResolveUsingResolvingEvent(IntPtr gchManagedAssemblyLoadContext, AssemblyName assemblyName)
TpTrace Warning: 0 : 18292, 1, 2022/11/15, 00:07:21.387, 267872551115, vstest.console.dll, LoaderExceptions: System.IO.FileNotFoundException: Could not load file or assembly 'Microsoft.Bcl.AsyncInterfaces, Version=1.0.0.0, Culture=neutral, PublicKeyToken=cc7b13ffcd2ddd51'. The system cannot find the file specified.
File name: 'Microsoft.Bcl.AsyncInterfaces, Version=1.0.0.0, Culture=neutral, PublicKeyToken=cc7b13ffcd2ddd51'
 ---> System.IO.FileNotFoundException: Could not load file or assembly 'Microsoft.Bcl.AsyncInterfaces, Culture=neutral, PublicKeyToken=null'. The system cannot find the file specified.
File name: 'Microsoft.Bcl.AsyncInterfaces, Culture=neutral, PublicKeyToken=null'
   at System.Reflection.RuntimeAssembly.InternalLoad(ObjectHandleOnStack assemblyName, ObjectHandleOnStack requestingAssembly, StackCrawlMarkHandle stackMark, Boolean throwOnFileNotFound, ObjectHandleOnStack assemblyLoadContext, ObjectHandleOnStack retAssembly)
   at System.Reflection.RuntimeAssembly.InternalLoad(AssemblyName assemblyName, RuntimeAssembly requestingAssembly, StackCrawlMark& stackMark, Boolean throwOnFileNotFound, AssemblyLoadContext assemblyLoadContext)
   at System.Reflection.Assembly.Load(AssemblyName assemblyRef)
   at Microsoft.VisualStudio.TestPlatform.Common.ExtensionFramework.TestPluginCache.CurrentDomainAssemblyResolve(Object sender, AssemblyResolveEventArgs args)
   at Microsoft.VisualStudio.TestPlatform.PlatformAbstractions.PlatformAssemblyResolver.AssemblyResolverEvent(Object sender, Object eventArgs)
   at System.Runtime.Loader.AssemblyLoadContext.GetFirstResolvedAssemblyFromResolvingEvent(AssemblyName assemblyName)
   at System.Runtime.Loader.AssemblyLoadContext.ResolveUsingEvent(AssemblyName assemblyName)
   at System.Runtime.Loader.AssemblyLoadContext.ResolveUsingResolvingEvent(IntPtr gchManagedAssemblyLoadContext, AssemblyName assemblyName)
TpTrace Verbose: 0 : 18292, 1, 2022/11/15, 00:07:21.388, 267872552541, vstest.console.dll, MetadataReaderExtensionsHelper: Discovering extensions inside assembly 'Microsoft.TestPlatform.Extensions.BlameDataCollector, Version=15.0.0.0, Culture=neutral, PublicKeyToken=b03f5f7f11d50a3a' file path 'C:\Program Files\dotnet\sdk\6.0.302\Extensions\Microsoft.TestPlatform.Extensions.BlameDataCollector.dll'
TpTrace Information: 0 : 18292, 1, 2022/11/15, 00:07:21.388, 267872560040, vstest.console.dll, GetTestExtensionFromType: Register extension with identifier data 'logger://Microsoft/TestPlatform/Extensions/Blame/v1' and type 'Microsoft.TestPlatform.Extensions.BlameDataCollector.BlameLogger, Microsoft.TestPlatform.Extensions.BlameDataCollector, Version=15.0.0.0, Culture=neutral, PublicKeyToken=b03f5f7f11d50a3a' inside file 'C:\Program Files\dotnet\sdk\6.0.302\Extensions\Microsoft.TestPlatform.Extensions.BlameDataCollector.dll'
TpTrace Verbose: 0 : 18292, 1, 2022/11/15, 00:07:21.388, 267872560686, vstest.console.dll, MetadataReaderExtensionsHelper: Discovering extensions inside assembly 'Microsoft.TestPlatform.Extensions.EventLogCollector, Version=15.0.0.0, Culture=neutral, PublicKeyToken=b03f5f7f11d50a3a' file path 'C:\Program Files\dotnet\sdk\6.0.302\Extensions\Microsoft.TestPlatform.Extensions.EventLogCollector.dll'
TpTrace Verbose: 0 : 18292, 1, 2022/11/15, 00:07:21.389, 267872566168, vstest.console.dll, MetadataReaderExtensionsHelper: Discovering extensions inside assembly 'Microsoft.TestPlatform.TestHostRuntimeProvider, Version=15.0.0.0, Culture=neutral, PublicKeyToken=b03f5f7f11d50a3a' file path 'C:\Program Files\dotnet\sdk\6.0.302\Extensions\Microsoft.TestPlatform.TestHostRuntimeProvider.dll'
TpTrace Verbose: 0 : 18292, 1, 2022/11/15, 00:07:21.389, 267872571653, vstest.console.dll, MetadataReaderExtensionsHelper: Discovering extensions inside assembly 'Microsoft.VisualStudio.TestPlatform.Extensions.Html.TestLogger, Version=15.0.0.0, Culture=neutral, PublicKeyToken=b03f5f7f11d50a3a' file path 'C:\Program Files\dotnet\sdk\6.0.302\Extensions\Microsoft.VisualStudio.TestPlatform.Extensions.Html.TestLogger.dll'
TpTrace Information: 0 : 18292, 1, 2022/11/15, 00:07:21.390, 267872576878, vstest.console.dll, GetTestExtensionFromType: Register extension with identifier data 'logger://Microsoft/TestPlatform/HtmlLogger/v1' and type 'Microsoft.VisualStudio.TestPlatform.Extensions.HtmlLogger.HtmlLogger, Microsoft.VisualStudio.TestPlatform.Extensions.Html.TestLogger, Version=15.0.0.0, Culture=neutral, PublicKeyToken=b03f5f7f11d50a3a' inside file 'C:\Program Files\dotnet\sdk\6.0.302\Extensions\Microsoft.VisualStudio.TestPlatform.Extensions.Html.TestLogger.dll'
TpTrace Verbose: 0 : 18292, 1, 2022/11/15, 00:07:21.390, 267872577944, vstest.console.dll, MetadataReaderExtensionsHelper: Discovering extensions inside assembly 'Microsoft.VisualStudio.TestPlatform.Extensions.Trx.TestLogger, Version=15.0.0.0, Culture=neutral, PublicKeyToken=b03f5f7f11d50a3a' file path 'C:\Program Files\dotnet\sdk\6.0.302\Extensions\Microsoft.VisualStudio.TestPlatform.Extensions.Trx.TestLogger.dll'
TpTrace Information: 0 : 18292, 1, 2022/11/15, 00:07:21.391, 267872583770, vstest.console.dll, GetTestExtensionFromType: Register extension with identifier data 'logger://Microsoft/TestPlatform/TrxLogger/v1' and type 'Microsoft.VisualStudio.TestPlatform.Extensions.TrxLogger.TrxLogger, Microsoft.VisualStudio.TestPlatform.Extensions.Trx.TestLogger, Version=15.0.0.0, Culture=neutral, PublicKeyToken=b03f5f7f11d50a3a' inside file 'C:\Program Files\dotnet\sdk\6.0.302\Extensions\Microsoft.VisualStudio.TestPlatform.Extensions.Trx.TestLogger.dll'
TpTrace Verbose: 0 : 18292, 1, 2022/11/15, 00:07:21.391, 267872584461, vstest.console.dll, TestPluginCache: Discovered the extensions using extension path ''.
TpTrace Verbose: 0 : 18292, 1, 2022/11/15, 00:07:21.391, 267872584776, vstest.console.dll, TestPluginCache: Discoverers are ''.
TpTrace Verbose: 0 : 18292, 1, 2022/11/15, 00:07:21.391, 267872585020, vstest.console.dll, TestPluginCache: Executors are ''.
TpTrace Verbose: 0 : 18292, 1, 2022/11/15, 00:07:21.391, 267872585252, vstest.console.dll, TestPluginCache: Executors2 are ''.
TpTrace Verbose: 0 : 18292, 1, 2022/11/15, 00:07:21.391, 267872585476, vstest.console.dll, TestPluginCache: Setting providers are ''.
TpTrace Verbose: 0 : 18292, 1, 2022/11/15, 00:07:21.391, 267872586163, vstest.console.dll, TestPluginCache: Loggers are 'logger://Microsoft/TestPlatform/Extensions/Blame/v1,logger://Microsoft/TestPlatform/HtmlLogger/v1,logger://Microsoft/TestPlatform/TrxLogger/v1'.
TpTrace Verbose: 0 : 18292, 1, 2022/11/15, 00:07:21.391, 267872586591, vstest.console.dll, TestPluginCache: TestHosts are 'HostProvider://DefaultTestHost,HostProvider://DotnetTestHost'.
TpTrace Verbose: 0 : 18292, 1, 2022/11/15, 00:07:21.391, 267872586858, vstest.console.dll, TestPluginCache: DataCollectors are ''.
TpTrace Information: 0 : 18292, 1, 2022/11/15, 00:07:21.392, 267872592868, vstest.console.dll, TestPluginManager.CreateTestExtension: Attempting to load test extension: Microsoft.TestPlatform.Extensions.BlameDataCollector.BlameLogger
TpTrace Information: 0 : 18292, 1, 2022/11/15, 00:07:21.396, 267872635133, vstest.console.dll, TestPluginManager.CreateTestExtension: Attempting to load test extension: Microsoft.VisualStudio.TestPlatform.CrossPlatEngine.Hosting.DefaultTestHostManager
TpTrace Information: 0 : 18292, 1, 2022/11/15, 00:07:21.396, 267872641963, vstest.console.dll, TestPluginManager.CreateTestExtension: Attempting to load test extension: Microsoft.VisualStudio.TestPlatform.CrossPlatEngine.Hosting.DotnetTestHostManager
TpTrace Verbose: 0 : 18292, 1, 2022/11/15, 00:07:21.397, 267872647433, vstest.console.dll, TestEngine: Initializing Parallel Execution as MaxCpuCount is set to: 1
TpTrace Information: 0 : 18292, 1, 2022/11/15, 00:07:21.398, 267872654998, vstest.console.dll, InferRunSettingsHelper.IsTestSettingsEnabled: Unable to navigate to RunSettings/MSTest. Current node: RunSettings
TpTrace Verbose: 0 : 18292, 1, 2022/11/15, 00:07:21.399, 267872664998, vstest.console.dll, TestRequestSender is acting as server.
TpTrace Verbose: 0 : 18292, 1, 2022/11/15, 00:07:21.400, 267872675199, vstest.console.dll, TestEngine.GetExecutionManager: Chosen execution manager 'Microsoft.VisualStudio.TestPlatform.CrossPlatEngine.Client.Parallel.ParallelProxyExecutionManager, Microsoft.TestPlatform.CrossPlatEngine, Version=15.0.0.0, Culture=neutral, PublicKeyToken=b03f5f7f11d50a3a' ParallelLevel '1' Shared host 'False'
TpTrace Verbose: 0 : 18292, 5, 2022/11/15, 00:07:21.402, 267872701070, vstest.console.dll, DataCollectionRequestSender.InitializeCommunication : Initialize communication. 
TpTrace Information: 0 : 18292, 5, 2022/11/15, 00:07:21.407, 267872751920, vstest.console.dll, Listening on Endpoint : 127.0.0.1:51686
TpTrace Verbose: 0 : 18292, 5, 2022/11/15, 00:07:21.414, 267872814584, vstest.console.dll, DotnetDataCollectionLauncher: Full path of dotnet.exe is C:\Program Files\dotnet\dotnet.exe
TpTrace Verbose: 0 : 18292, 5, 2022/11/15, 00:07:21.414, 267872816371, vstest.console.dll, DotnetDataCollectionLauncher: Adding  --runtimeconfig "C:\Program Files\dotnet\sdk\6.0.302\datacollector.runtimeconfig.json" in args
TpTrace Verbose: 0 : 18292, 5, 2022/11/15, 00:07:21.414, 267872817126, vstest.console.dll, DotnetDataCollectionLauncher: Adding  --depsfile "C:\Program Files\dotnet\sdk\6.0.302\datacollector.deps.json" in args
TpTrace Information: 0 : 18292, 5, 2022/11/15, 00:07:21.421, 267872888250, vstest.console.dll, ProxyDataCollectionManager.Initialize: Launched datacollector processId: 13372 port: 51686
TpTrace Information: 0 : 18292, 5, 2022/11/15, 00:07:21.421, 267872890262, vstest.console.dll, ProxyDataCollectionManager.Initialize: waiting for connection with timeout: 90 seconds
TpTrace Verbose: 0 : 18292, 5, 2022/11/15, 00:07:21.421, 267872890977, vstest.console.dll, DataCollectionRequestSender.WaitForRequestHandlerConnection : Waiting for connection with timeout: 90000
TpTrace Information: 0 : 18292, 8, 2022/11/15, 00:07:21.547, 267874142430, vstest.console.dll, Using the buffer size of 16384 bytes
TpTrace Verbose: 0 : 18292, 5, 2022/11/15, 00:07:21.547, 267874142652, vstest.console.dll, SocketCommunicationManager.WaitForClientConnection took: 125 ms, with 90000 ms timeout, and finished with True.
TpTrace Information: 0 : 18292, 8, 2022/11/15, 00:07:21.547, 267874143545, vstest.console.dll, Accepted Client request and set the flag
TpTrace Verbose: 0 : 18292, 5, 2022/11/15, 00:07:21.547, 267874144743, vstest.console.dll, ProxyDataCollectionManager.InvokeDataCollectionServiceAction: Starting.
TpTrace Information: 0 : 18292, 5, 2022/11/15, 00:07:21.547, 267874145770, vstest.console.dll, ProxyDataCollectionManager.BeforeTestRunStart: Get environment variable and port for datacollector processId: 13372 port: 51686
TpTrace Verbose: 0 : 18292, 5, 2022/11/15, 00:07:21.547, 267874147267, vstest.console.dll, DataCollectionRequestSender.SendBeforeTestRunStartAndGetResult: Send BeforeTestRunStart message with settingsXml <RunSettings><RunConfiguration><ResultsDirectory>D:\Antern\IAmInterviewed\IAmInterviewed\Code\IAI\WebAPI\IAI.UnitTest\bin\Debug\net6.0\fine-code-coverage\coverage-tool-output</ResultsDirectory><TargetPlatform>X64</TargetPlatform><TargetFrameworkVersion>.NETCoreApp,Version=v6.0</TargetFrameworkVersion><DesignMode>False</DesignMode><CollectSourceInformation>False</CollectSourceInformation><TestAdaptersPaths>C:\Program Files\dotnet\sdk\6.0.302\Extensions</TestAdaptersPaths></RunConfiguration><LoggerRunSettings><Loggers><Logger friendlyName="blame" enabled="True" /><Logger friendlyName="Console" uri="logger://microsoft/TestPlatform/ConsoleLogger/v1" assemblyQualifiedName="Microsoft.VisualStudio.TestPlatform.CommandLine.Internal.ConsoleLogger, vstest.console, Version=15.0.0.0, Culture=neutral, PublicKeyToken=b03f5f7f11d50a3a" codeBase="C:\Program Files\dotnet\sdk\6.0.302\vstest.console.dll" enabled="True" /></Loggers></LoggerRunSettings><DataCollectionRunSettings><DataCollectors><DataCollector friendlyName="blame" enabled="True"><Configuration><ResultsDirectory>D:\Antern\IAmInterviewed\IAmInterviewed\Code\IAI\WebAPI\IAI.UnitTest\bin\Debug\net6.0\fine-code-coverage\coverage-tool-output</ResultsDirectory></Configuration></DataCollector></DataCollectors></DataCollectionRunSettings></RunSettings> and sources System.Linq.Enumerable+Concat2Iterator`1[System.String]: 
TpTrace Verbose: 0 : 18292, 5, 2022/11/15, 00:07:21.608, 267874752372, vstest.console.dll, DataCollectionRequestSender.SendBeforeTestRunStartAndGetResult: Received message: (DataCollection.SendMessage) -> {
  "FriendlyName": null,
  "Uri": null,
  "TestCaseId": "00000000-0000-0000-0000-000000000000",
  "Message": "Logging DataCollector Diagnostics in file: D:\\Antern\\IAmInterviewed\\IAmInterviewed\\Code\\IAI\\WebAPI\\IAI.UnitTest\\bin\\Debug\\net6.0\\fine-code-coverage\\coverage-tool-output\\diagnostics.datacollector.22-11-15_00-07-21_41389_5.log",
  "Level": 0
}
TpTrace Verbose: 0 : 18292, 5, 2022/11/15, 00:07:21.682, 267875493399, vstest.console.dll, DataCollectionRequestSender.SendBeforeTestRunStartAndGetResult: Received message: (DataCollection.BeforeTestRunStartResult) -> {
  "EnvironmentVariables": {},
  "DataCollectionEventsPort": 51688
}
TpTrace Information: 0 : 18292, 5, 2022/11/15, 00:07:21.687, 267875542701, vstest.console.dll, ProxyDataCollectionManager.BeforeTestRunStart: SendBeforeTestRunStartAndGetResult successful, env variable from datacollector:   and testhost port: 51688
TpTrace Information: 0 : 18292, 5, 2022/11/15, 00:07:21.687, 267875543767, vstest.console.dll, ProxyDataCollectionManager.InvokeDataCollectionServiceAction: Completed.
TpTrace Verbose: 0 : 18292, 1, 2022/11/15, 00:07:21.687, 267875545006, vstest.console.dll, TestRunRequest.ExecuteAsync: Creating test run request.
TpTrace Verbose: 0 : 18292, 1, 2022/11/15, 00:07:21.687, 267875547562, vstest.console.dll, TestRunRequest.ExecuteAsync: Starting.
TpTrace Information: 0 : 18292, 1, 2022/11/15, 00:07:21.687, 267875550739, vstest.console.dll, TestRunRequest.ExecuteAsync: Starting run with settings:TestRunCriteria:
   KeepAlive=False,FrequencyOfRunStatsChangeEvent=10,RunStatsChangeEventTimeout=00:00:01.5000000,TestCaseFilter=,TestExecutorLauncher=
   Settingsxml=<RunSettings>
  <RunConfiguration>
    <ResultsDirectory>D:\Antern\IAmInterviewed\IAmInterviewed\Code\IAI\WebAPI\IAI.UnitTest\bin\Debug\net6.0\fine-code-coverage\coverage-tool-output</ResultsDirectory>
    <TargetPlatform>X64</TargetPlatform>
    <TargetFrameworkVersion>.NETCoreApp,Version=v6.0</TargetFrameworkVersion>
    <DesignMode>False</DesignMode>
    <CollectSourceInformation>False</CollectSourceInformation>
  </RunConfiguration>
  <LoggerRunSettings>
    <Loggers>
      <Logger friendlyName="blame" enabled="True" />
      <Logger friendlyName="Console" uri="logger://microsoft/TestPlatform/ConsoleLogger/v1" assemblyQualifiedName="Microsoft.VisualStudio.TestPlatform.CommandLine.Internal.ConsoleLogger, vstest.console, Version=15.0.0.0, Culture=neutral, PublicKeyToken=b03f5f7f11d50a3a" codeBase="C:\Program Files\dotnet\sdk\6.0.302\vstest.console.dll" enabled="True" />
    </Loggers>
  </LoggerRunSettings>
  <DataCollectionRunSettings>
    <DataCollectors>
      <DataCollector friendlyName="blame" enabled="True">
        <Configuration>
          <ResultsDirectory>D:\Antern\IAmInterviewed\IAmInterviewed\Code\IAI\WebAPI\IAI.UnitTest\bin\Debug\net6.0\fine-code-coverage\coverage-tool-output</ResultsDirectory>
        </Configuration>
      </DataCollector>
    </DataCollectors>
  </DataCollectionRunSettings>
</RunSettings>

TpTrace Verbose: 0 : 18292, 1, 2022/11/15, 00:07:21.687, 267875551219, vstest.console.dll, TestRunRequest.ExecuteAsync: Wait for the first run request is over.
TpTrace Verbose: 0 : 18292, 1, 2022/11/15, 00:07:21.688, 267875553807, vstest.console.dll, MulticastDelegateUtilities.SafeInvoke: TestRun.TestRunStart: Invoking callbacks was skipped because there are no subscribers.
TpTrace Verbose: 0 : 18292, 1, 2022/11/15, 00:07:21.688, 267875555496, vstest.console.dll, ParallelProxyExecutionManager: Start execution. Total sources: 1
TpTrace Verbose: 0 : 18292, 4, 2022/11/15, 00:07:21.688, 267875556154, vstest.console.dll, MulticastDelegateUtilities.SafeInvoke: InternalTestLoggerEvents.SendTestRunStart: Invoking callback 1/1 for Microsoft.VisualStudio.TestPlatform.CommandLine.Internal.ConsoleLogger.TestRunStartHandler, took 0 ms.
TpTrace Information: 0 : 18292, 1, 2022/11/15, 00:07:21.688, 267875561339, vstest.console.dll, ProxyParallelExecutionManager: Triggering test run for next source: D:\Antern\IAmInterviewed\IAmInterviewed\Code\IAI\WebAPI\IAI.UnitTest\bin\Debug\net6.0\fine-code-coverage\build-output\IAI.UnitTest.dll
TpTrace Verbose: 0 : 18292, 1, 2022/11/15, 00:07:21.689, 267875563084, vstest.console.dll, ProxyParallelExecutionManager: No sources available for execution.
TpTrace Verbose: 0 : 18292, 5, 2022/11/15, 00:07:21.689, 267875563192, vstest.console.dll, ParallelProxyExecutionManager: Execution started. Started clients: 1
TpTrace Information: 0 : 18292, 1, 2022/11/15, 00:07:21.689, 267875563537, vstest.console.dll, TestRunRequest.ExecuteAsync: Started.
TpTrace Verbose: 0 : 18292, 1, 2022/11/15, 00:07:21.689, 267875564694, vstest.console.dll, TestRunRequest.WaitForCompletion: Waiting with timeout -1.
TpTrace Verbose: 0 : 18292, 5, 2022/11/15, 00:07:21.689, 267875566020, vstest.console.dll, TestRunRequest:SendTestRunMessage: Starting.
TpTrace Verbose: 0 : 18292, 5, 2022/11/15, 00:07:21.689, 267875567189, vstest.console.dll, MulticastDelegateUtilities.SafeInvoke: TestRun.LogMessages: Invoking callback 1/1 for Microsoft.VisualStudio.TestPlatform.CommandLine.TestRunResultAggregator.TestRunMessageHandler, took 0 ms.
TpTrace Information: 0 : 18292, 5, 2022/11/15, 00:07:21.689, 267875567542, vstest.console.dll, TestRunRequest:SendTestRunMessage: Completed.
TpTrace Verbose: 0 : 18292, 4, 2022/11/15, 00:07:21.689, 267875567697, vstest.console.dll, MulticastDelegateUtilities.SafeInvoke: InternalTestLoggerEvents.SendTestRunMessage: Invoking callback 1/1 for Microsoft.VisualStudio.TestPlatform.CommandLine.Internal.ConsoleLogger.TestMessageHandler, took 0 ms.
TpTrace Verbose: 0 : 18292, 5, 2022/11/15, 00:07:21.689, 267875569309, vstest.console.dll, ProxyExecutionManager: Test host is always Lazy initialize.
TpTrace Verbose: 0 : 18292, 5, 2022/11/15, 00:07:21.689, 267875571262, vstest.console.dll, TestRequestSender.InitializeCommunication: initialize communication. 
TpTrace Information: 0 : 18292, 5, 2022/11/15, 00:07:21.690, 267875576019, vstest.console.dll, SocketServer.Start: Listening on endpoint : 127.0.0.1:51689
TpTrace Verbose: 0 : 18292, 5, 2022/11/15, 00:07:21.690, 267875582019, vstest.console.dll, DotnetTestHostmanager.GetTestHostProcessStartInfo: Platform environment 'X64' target architecture 'X64' framework '.NETCoreApp,Version=v6.0' OS 'Windows'
TpTrace Verbose: 0 : 18292, 5, 2022/11/15, 00:07:21.691, 267875583378, vstest.console.dll, DotnetTestHostmanager: Adding  --runtimeconfig "D:\Antern\IAmInterviewed\IAmInterviewed\Code\IAI\WebAPI\IAI.UnitTest\bin\Debug\net6.0\fine-code-coverage\build-output\IAI.UnitTest.runtimeconfig.json" in args
TpTrace Verbose: 0 : 18292, 5, 2022/11/15, 00:07:21.691, 267875583880, vstest.console.dll, DotnetTestHostmanager: Adding  --depsfile "D:\Antern\IAmInterviewed\IAmInterviewed\Code\IAI\WebAPI\IAI.UnitTest\bin\Debug\net6.0\fine-code-coverage\build-output\IAI.UnitTest.deps.json" in args
TpTrace Verbose: 0 : 18292, 5, 2022/11/15, 00:07:21.691, 267875586645, vstest.console.dll, DotnetTestHostmanager.IsWinOnArm: Current PROCESSOR_ARCHITECTURE from environment variable 'AMD64'
TpTrace Verbose: 0 : 18292, 5, 2022/11/15, 00:07:21.691, 267875587173, vstest.console.dll, DotnetTestHostmanager.IsWinOnArm: Is Windows on ARM 'False'
TpTrace Verbose: 0 : 18292, 5, 2022/11/15, 00:07:21.691, 267875587643, vstest.console.dll, DotnetTestHostManager: testhost.exe found at path: D:\Antern\IAmInterviewed\IAmInterviewed\Code\IAI\WebAPI\IAI.UnitTest\bin\Debug\net6.0\fine-code-coverage\build-output\testhost.exe
TpTrace Verbose: 0 : 18292, 5, 2022/11/15, 00:07:21.691, 267875587986, vstest.console.dll, DotnetTestHostmanager: Full path of host exe is D:\Antern\IAmInterviewed\IAmInterviewed\Code\IAI\WebAPI\IAI.UnitTest\bin\Debug\net6.0\fine-code-coverage\build-output\testhost.exe
TpTrace Verbose: 0 : 18292, 5, 2022/11/15, 00:07:21.691, 267875589111, vstest.console.dll, DotnetTestHostmanager.LaunchTestHostAsync: Found 'VSTEST_WINAPPHOST_DOTNET_ROOT' in env variables, value 'C:\Program Files\dotnet', forwarding to 'DOTNET_ROOT'
TpTrace Verbose: 0 : 18292, 7, 2022/11/15, 00:07:21.692, 267875596187, vstest.console.dll, DotnetTestHostManager: Starting process 'D:\Antern\IAmInterviewed\IAmInterviewed\Code\IAI\WebAPI\IAI.UnitTest\bin\Debug\net6.0\fine-code-coverage\build-output\testhost.exe' with command line ' --runtimeconfig "D:\Antern\IAmInterviewed\IAmInterviewed\Code\IAI\WebAPI\IAI.UnitTest\bin\Debug\net6.0\fine-code-coverage\build-output\IAI.UnitTest.runtimeconfig.json" --depsfile "D:\Antern\IAmInterviewed\IAmInterviewed\Code\IAI\WebAPI\IAI.UnitTest\bin\Debug\net6.0\fine-code-coverage\build-output\IAI.UnitTest.deps.json" --port 51689 --endpoint 127.0.0.1:051689 --role client --parentprocessid 18292 --diag "D:\Antern\IAmInterviewed\IAmInterviewed\Code\IAI\WebAPI\IAI.UnitTest\bin\Debug\net6.0\fine-code-coverage\coverage-tool-output\diagnostics.host.22-11-15_00-07-21_69072_5.log" --tracelevel 4 --datacollectionport 51688 --telemetryoptedin false'
TpTrace Verbose: 0 : 18292, 7, 2022/11/15, 00:07:21.697, 267875651610, vstest.console.dll, MulticastDelegateUtilities.SafeInvoke: HostProviderEvents.OnHostLaunched: Invoking callback 1/2 for Microsoft.VisualStudio.TestPlatform.CrossPlatEngine.Client.ProxyExecutionManagerWithDataCollection.TestHostLaunchedHandler, took 1 ms.
TpTrace Verbose: 0 : 18292, 7, 2022/11/15, 00:07:21.698, 267875652855, vstest.console.dll, Test Runtime launched
TpTrace Verbose: 0 : 18292, 7, 2022/11/15, 00:07:21.698, 267875653668, vstest.console.dll, MulticastDelegateUtilities.SafeInvoke: HostProviderEvents.OnHostLaunched: Invoking callback 2/2 for Microsoft.VisualStudio.TestPlatform.CrossPlatEngine.Client.ProxyOperationManager.TestHostManagerHostLaunched, took 0 ms.
TpTrace Verbose: 0 : 18292, 5, 2022/11/15, 00:07:21.698, 267875660350, vstest.console.dll, TestRequestSender.WaitForRequestHandlerConnection: waiting for connection with timeout: 90000.
TpTrace Verbose: 0 : 18292, 5, 2022/11/15, 00:07:21.826, 267876937558, vstest.console.dll, TestRequestSender.WaitForRequestHandlerConnection: waiting took 127 ms, with timeout 90000 ms, and result 0, which is success.
TpTrace Verbose: 0 : 18292, 7, 2022/11/15, 00:07:21.826, 267876937558, vstest.console.dll, MulticastDelegateUtilities.SafeInvoke: SocketServer: ClientConnected: Invoking callback 1/1 for Microsoft.VisualStudio.TestPlatform.CommunicationUtilities.TestRequestSender.<InitializeCommunication>b__23_0, took 0 ms.
TpTrace Verbose: 0 : 18292, 7, 2022/11/15, 00:07:21.826, 267876939454, vstest.console.dll, SocketServer.OnClientConnected: Client connected for endPoint: 127.0.0.1:51689, starting MessageLoopAsync:
TpTrace Verbose: 0 : 18292, 14, 2022/11/15, 00:07:21.826, 267876941193, vstest.console.dll, TcpClientExtensions.MessageLoopAsync: Polling on remoteEndPoint: 127.0.0.1:51691 localEndPoint: 127.0.0.1:51689
TpTrace Verbose: 0 : 18292, 5, 2022/11/15, 00:07:21.827, 267876946437, vstest.console.dll, TestRequestSender.CheckVersionWithTestHost: Sending check version message: {"MessageType":"ProtocolVersion","Payload":6}
TpTrace Verbose: 0 : 18292, 14, 2022/11/15, 00:07:21.958, 267878253793, vstest.console.dll, TcpClientExtensions.MessageLoopAsync: NotifyDataAvailable remoteEndPoint: 127.0.0.1:51691 localEndPoint: 127.0.0.1:51689
TpTrace Verbose: 0 : 18292, 14, 2022/11/15, 00:07:21.958, 267878256341, vstest.console.dll, TestRequestSender.CheckVersionWithTestHost: onMessageReceived received message: (ProtocolVersion) -> 5
TpTrace Verbose: 0 : 18292, 14, 2022/11/15, 00:07:21.958, 267878259640, vstest.console.dll, MulticastDelegateUtilities.SafeInvoke: LengthPrefixCommunicationChannel: MessageReceived: Invoking callback 1/1 for Microsoft.VisualStudio.TestPlatform.CommunicationUtilities.TestRequestSender+<>c__DisplayClass25_0.<CheckVersionWithTestHost>b__0, took 0 ms.
TpTrace Verbose: 0 : 18292, 14, 2022/11/15, 00:07:21.958, 267878260298, vstest.console.dll, TcpClientExtensions.MessageLoopAsync: Polling on remoteEndPoint: 127.0.0.1:51691 localEndPoint: 127.0.0.1:51689
TpTrace Verbose: 0 : 18292, 5, 2022/11/15, 00:07:21.958, 267878260792, vstest.console.dll, TestPluginCache.GetExtensionPaths: Filtered extension paths: 
TpTrace Verbose: 0 : 18292, 5, 2022/11/15, 00:07:21.958, 267878261454, vstest.console.dll, TestPluginCache.GetExtensionPaths: Added default extension paths: C:\Program Files\dotnet\sdk\6.0.302\Extensions\DumpMinitool.exe
C:\Program Files\dotnet\sdk\6.0.302\Extensions\DumpMinitool.x86.exe
C:\Program Files\dotnet\sdk\6.0.302\Extensions\Microsoft.Diagnostics.NETCore.Client.dll
C:\Program Files\dotnet\sdk\6.0.302\Extensions\Microsoft.TestPlatform.Extensions.BlameDataCollector.dll
C:\Program Files\dotnet\sdk\6.0.302\Extensions\Microsoft.TestPlatform.Extensions.EventLogCollector.dll
C:\Program Files\dotnet\sdk\6.0.302\Extensions\Microsoft.TestPlatform.TestHostRuntimeProvider.dll
C:\Program Files\dotnet\sdk\6.0.302\Extensions\Microsoft.VisualStudio.TestPlatform.Extensions.Html.TestLogger.dll
C:\Program Files\dotnet\sdk\6.0.302\Extensions\Microsoft.VisualStudio.TestPlatform.Extensions.Trx.TestLogger.dll
TpTrace Verbose: 0 : 18292, 5, 2022/11/15, 00:07:21.958, 267878261855, vstest.console.dll, TestPluginCache.GetExtensionPaths: Added unfilterableExtensionPaths: 
TpTrace Verbose: 0 : 18292, 5, 2022/11/15, 00:07:21.962, 267878294466, vstest.console.dll, TestRequestSender.InitializeExecution: Sending initialize execution with message: {"Version":5,"MessageType":"TestExecution.Initialize","Payload":["D:\\Antern\\IAmInterviewed\\IAmInterviewed\\Code\\IAI\\WebAPI\\IAI.UnitTest\\bin\\Debug\\net6.0\\fine-code-coverage\\build-output\\xunit.runner.visualstudio.dotnetcore.testadapter.dll"]}
TpTrace Warning: 0 : 18292, 5, 2022/11/15, 00:07:21.962, 267878298720, vstest.console.dll, InferRunSettingsHelper.MakeRunsettingsCompatible: Removing the following settings: TargetPlatform from RunSettings file. To use those settings please move to latest version of Microsoft.NET.Test.Sdk
TpTrace Verbose: 0 : 18292, 14, 2022/11/15, 00:07:21.967, 267878351265, vstest.console.dll, TcpClientExtensions.MessageLoopAsync: NotifyDataAvailable remoteEndPoint: 127.0.0.1:51691 localEndPoint: 127.0.0.1:51689
TpTrace Verbose: 0 : 18292, 14, 2022/11/15, 00:07:21.968, 267878352788, vstest.console.dll, TestRequestSender.OnExecutionMessageReceived: Received message: {"Version":5,"MessageType":"TestSession.Message","Payload":{"MessageLevel":0,"Message":"Logging TestHost Diagnostics in file: D:\\Antern\\IAmInterviewed\\IAmInterviewed\\Code\\IAI\\WebAPI\\IAI.UnitTest\\bin\\Debug\\net6.0\\fine-code-coverage\\coverage-tool-output\\diagnostics.host.22-11-15_00-07-21_69072_5.log"}}
TpTrace Verbose: 0 : 18292, 14, 2022/11/15, 00:07:21.970, 267878372481, vstest.console.dll, TestRunRequest:SendTestRunMessage: Starting.
TpTrace Verbose: 0 : 18292, 14, 2022/11/15, 00:07:21.970, 267878374541, vstest.console.dll, MulticastDelegateUtilities.SafeInvoke: TestRun.LogMessages: Invoking callback 1/1 for Microsoft.VisualStudio.TestPlatform.CommandLine.TestRunResultAggregator.TestRunMessageHandler, took 0 ms.
TpTrace Verbose: 0 : 18292, 4, 2022/11/15, 00:07:21.970, 267878375165, vstest.console.dll, MulticastDelegateUtilities.SafeInvoke: InternalTestLoggerEvents.SendTestRunMessage: Invoking callback 1/1 for Microsoft.VisualStudio.TestPlatform.CommandLine.Internal.ConsoleLogger.TestMessageHandler, took 0 ms.
TpTrace Information: 0 : 18292, 14, 2022/11/15, 00:07:21.970, 267878375237, vstest.console.dll, TestRunRequest:SendTestRunMessage: Completed.
TpTrace Verbose: 0 : 18292, 5, 2022/11/15, 00:07:21.970, 267878375795, vstest.console.dll, TestRequestSender.StartTestRun: Sending test run with message: {"Version":5,"MessageType":"TestExecution.StartWithSources","Payload":{"AdapterSourceMap":{"_none_":["D:\\Antern\\IAmInterviewed\\IAmInterviewed\\Code\\IAI\\WebAPI\\IAI.UnitTest\\bin\\Debug\\net6.0\\fine-code-coverage\\build-output\\IAI.UnitTest.dll"]},"RunSettings":"<RunSettings>\r\n  <RunConfiguration>\r\n    <ResultsDirectory>D:\\Antern\\IAmInterviewed\\IAmInterviewed\\Code\\IAI\\WebAPI\\IAI.UnitTest\\bin\\Debug\\net6.0\\fine-code-coverage\\coverage-tool-output</ResultsDirectory>\r\n    <TargetFrameworkVersion>.NETCoreApp,Version=v6.0</TargetFrameworkVersion>\r\n    <DesignMode>False</DesignMode>\r\n    <CollectSourceInformation>False</CollectSourceInformation>\r\n  </RunConfiguration>\r\n  <LoggerRunSettings>\r\n    <Loggers>\r\n      <Logger friendlyName=\"blame\" enabled=\"True\" />\r\n      <Logger friendlyName=\"Console\" uri=\"logger://microsoft/TestPlatform/ConsoleLogger/v1\" assemblyQualifiedName=\"Microsoft.VisualStudio.TestPlatform.CommandLine.Internal.ConsoleLogger, vstest.console, Version=15.0.0.0, Culture=neutral, PublicKeyToken=b03f5f7f11d50a3a\" codeBase=\"C:\\Program Files\\dotnet\\sdk\\6.0.302\\vstest.console.dll\" enabled=\"True\" />\r\n    </Loggers>\r\n  </LoggerRunSettings>\r\n  <DataCollectionRunSettings>\r\n    <DataCollectors>\r\n      <DataCollector friendlyName=\"blame\" enabled=\"True\">\r\n        <Configuration>\r\n          <ResultsDirectory>D:\\Antern\\IAmInterviewed\\IAmInterviewed\\Code\\IAI\\WebAPI\\IAI.UnitTest\\bin\\Debug\\net6.0\\fine-code-coverage\\coverage-tool-output</ResultsDirectory>\r\n        </Configuration>\r\n      </DataCollector>\r\n    </DataCollectors>\r\n  </DataCollectionRunSettings>\r\n</RunSettings>","TestExecutionContext":{"FrequencyOfRunStatsChangeEvent":10,"RunStatsChangeEventTimeout":"00:00:01.5000000","InIsolation":false,"KeepAlive":false,"AreTestCaseLevelEventsRequired":false,"IsDebug":false,"TestCaseFilter":null,"FilterOptions":null},"Package":null}}
TpTrace Verbose: 0 : 18292, 14, 2022/11/15, 00:07:21.970, 267878376838, vstest.console.dll, MulticastDelegateUtilities.SafeInvoke: LengthPrefixCommunicationChannel: MessageReceived: Invoking callback 1/1 for Microsoft.VisualStudio.TestPlatform.CommunicationUtilities.TestRequestSender+<>c__DisplayClass30_0.<StartTestRun>b__1, took 2 ms.
TpTrace Verbose: 0 : 18292, 14, 2022/11/15, 00:07:21.970, 267878378418, vstest.console.dll, TcpClientExtensions.MessageLoopAsync: Polling on remoteEndPoint: 127.0.0.1:51691 localEndPoint: 127.0.0.1:51689
TpTrace Verbose: 0 : 18292, 14, 2022/11/15, 00:07:22.150, 267880177069, vstest.console.dll, TcpClientExtensions.MessageLoopAsync: NotifyDataAvailable remoteEndPoint: 127.0.0.1:51691 localEndPoint: 127.0.0.1:51689
TpTrace Verbose: 0 : 18292, 14, 2022/11/15, 00:07:22.150, 267880178252, vstest.console.dll, TestRequestSender.OnExecutionMessageReceived: Received message: {"Version":5,"MessageType":"TestSession.Message","Payload":{"MessageLevel":0,"Message":"[xUnit.net 00:00:00.00] xUnit.net VSTest Adapter v2.4.5+1caef2f33e (64-bit .NET 6.0.11)"}}
TpTrace Verbose: 0 : 18292, 14, 2022/11/15, 00:07:22.150, 267880180460, vstest.console.dll, TestRunRequest:SendTestRunMessage: Starting.
TpTrace Verbose: 0 : 18292, 14, 2022/11/15, 00:07:22.150, 267880181079, vstest.console.dll, MulticastDelegateUtilities.SafeInvoke: TestRun.LogMessages: Invoking callback 1/1 for Microsoft.VisualStudio.TestPlatform.CommandLine.TestRunResultAggregator.TestRunMessageHandler, took 0 ms.
TpTrace Information: 0 : 18292, 14, 2022/11/15, 00:07:22.150, 267880181426, vstest.console.dll, TestRunRequest:SendTestRunMessage: Completed.
TpTrace Verbose: 0 : 18292, 4, 2022/11/15, 00:07:22.150, 267880181689, vstest.console.dll, MulticastDelegateUtilities.SafeInvoke: InternalTestLoggerEvents.SendTestRunMessage: Invoking callback 1/1 for Microsoft.VisualStudio.TestPlatform.CommandLine.Internal.ConsoleLogger.TestMessageHandler, took 0 ms.
TpTrace Verbose: 0 : 18292, 14, 2022/11/15, 00:07:22.150, 267880181755, vstest.console.dll, MulticastDelegateUtilities.SafeInvoke: LengthPrefixCommunicationChannel: MessageReceived: Invoking callback 1/1 for Microsoft.VisualStudio.TestPlatform.CommunicationUtilities.TestRequestSender+<>c__DisplayClass30_0.<StartTestRun>b__1, took 0 ms.
TpTrace Verbose: 0 : 18292, 14, 2022/11/15, 00:07:22.151, 267880183055, vstest.console.dll, TcpClientExtensions.MessageLoopAsync: Polling on remoteEndPoint: 127.0.0.1:51691 localEndPoint: 127.0.0.1:51689
TpTrace Verbose: 0 : 18292, 14, 2022/11/15, 00:07:22.954, 267888212399, vstest.console.dll, TcpClientExtensions.MessageLoopAsync: NotifyDataAvailable remoteEndPoint: 127.0.0.1:51691 localEndPoint: 127.0.0.1:51689
TpTrace Verbose: 0 : 18292, 14, 2022/11/15, 00:07:22.954, 267888213703, vstest.console.dll, TestRequestSender.OnExecutionMessageReceived: Received message: {"Version":5,"MessageType":"TestSession.Message","Payload":{"MessageLevel":0,"Message":"[xUnit.net 00:00:00.81]   Discovering: IAI.UnitTest"}}
TpTrace Verbose: 0 : 18292, 14, 2022/11/15, 00:07:22.954, 267888215596, vstest.console.dll, TestRunRequest:SendTestRunMessage: Starting.
TpTrace Verbose: 0 : 18292, 14, 2022/11/15, 00:07:22.954, 267888216166, vstest.console.dll, MulticastDelegateUtilities.SafeInvoke: TestRun.LogMessages: Invoking callback 1/1 for Microsoft.VisualStudio.TestPlatform.CommandLine.TestRunResultAggregator.TestRunMessageHandler, took 0 ms.
TpTrace Information: 0 : 18292, 14, 2022/11/15, 00:07:22.954, 267888216634, vstest.console.dll, TestRunRequest:SendTestRunMessage: Completed.
TpTrace Verbose: 0 : 18292, 4, 2022/11/15, 00:07:22.954, 267888216822, vstest.console.dll, MulticastDelegateUtilities.SafeInvoke: InternalTestLoggerEvents.SendTestRunMessage: Invoking callback 1/1 for Microsoft.VisualStudio.TestPlatform.CommandLine.Internal.ConsoleLogger.TestMessageHandler, took 0 ms.
TpTrace Verbose: 0 : 18292, 14, 2022/11/15, 00:07:22.954, 267888216922, vstest.console.dll, MulticastDelegateUtilities.SafeInvoke: LengthPrefixCommunicationChannel: MessageReceived: Invoking callback 1/1 for Microsoft.VisualStudio.TestPlatform.CommunicationUtilities.TestRequestSender+<>c__DisplayClass30_0.<StartTestRun>b__1, took 0 ms.
TpTrace Verbose: 0 : 18292, 14, 2022/11/15, 00:07:22.954, 267888218174, vstest.console.dll, TcpClientExtensions.MessageLoopAsync: Polling on remoteEndPoint: 127.0.0.1:51691 localEndPoint: 127.0.0.1:51689
TpTrace Verbose: 0 : 18292, 14, 2022/11/15, 00:07:23.006, 267888740369, vstest.console.dll, TcpClientExtensions.MessageLoopAsync: NotifyDataAvailable remoteEndPoint: 127.0.0.1:51691 localEndPoint: 127.0.0.1:51689
TpTrace Verbose: 0 : 18292, 14, 2022/11/15, 00:07:23.006, 267888741643, vstest.console.dll, TestRequestSender.OnExecutionMessageReceived: Received message: {"Version":5,"MessageType":"TestSession.Message","Payload":{"MessageLevel":0,"Message":"[xUnit.net 00:00:00.86]   Discovered:  IAI.UnitTest"}}
TpTrace Verbose: 0 : 18292, 14, 2022/11/15, 00:07:23.007, 267888743110, vstest.console.dll, TestRunRequest:SendTestRunMessage: Starting.
TpTrace Verbose: 0 : 18292, 14, 2022/11/15, 00:07:23.007, 267888743681, vstest.console.dll, MulticastDelegateUtilities.SafeInvoke: TestRun.LogMessages: Invoking callback 1/1 for Microsoft.VisualStudio.TestPlatform.CommandLine.TestRunResultAggregator.TestRunMessageHandler, took 0 ms.
TpTrace Information: 0 : 18292, 14, 2022/11/15, 00:07:23.007, 267888743985, vstest.console.dll, TestRunRequest:SendTestRunMessage: Completed.
TpTrace Verbose: 0 : 18292, 14, 2022/11/15, 00:07:23.007, 267888744301, vstest.console.dll, MulticastDelegateUtilities.SafeInvoke: LengthPrefixCommunicationChannel: MessageReceived: Invoking callback 1/1 for Microsoft.VisualStudio.TestPlatform.CommunicationUtilities.TestRequestSender+<>c__DisplayClass30_0.<StartTestRun>b__1, took 0 ms.
TpTrace Verbose: 0 : 18292, 4, 2022/11/15, 00:07:23.007, 267888744360, vstest.console.dll, MulticastDelegateUtilities.SafeInvoke: InternalTestLoggerEvents.SendTestRunMessage: Invoking callback 1/1 for Microsoft.VisualStudio.TestPlatform.CommandLine.Internal.ConsoleLogger.TestMessageHandler, took 0 ms.
TpTrace Verbose: 0 : 18292, 14, 2022/11/15, 00:07:23.007, 267888744603, vstest.console.dll, TcpClientExtensions.MessageLoopAsync: Polling on remoteEndPoint: 127.0.0.1:51691 localEndPoint: 127.0.0.1:51689
TpTrace Verbose: 0 : 18292, 14, 2022/11/15, 00:07:23.009, 267888764031, vstest.console.dll, TcpClientExtensions.MessageLoopAsync: NotifyDataAvailable remoteEndPoint: 127.0.0.1:51691 localEndPoint: 127.0.0.1:51689
TpTrace Verbose: 0 : 18292, 14, 2022/11/15, 00:07:23.009, 267888764922, vstest.console.dll, TestRequestSender.OnExecutionMessageReceived: Received message: {"Version":5,"MessageType":"TestSession.Message","Payload":{"MessageLevel":0,"Message":"[xUnit.net 00:00:00.86]   Starting:    IAI.UnitTest"}}
TpTrace Verbose: 0 : 18292, 14, 2022/11/15, 00:07:23.009, 267888766284, vstest.console.dll, TestRunRequest:SendTestRunMessage: Starting.
TpTrace Verbose: 0 : 18292, 14, 2022/11/15, 00:07:23.009, 267888766798, vstest.console.dll, MulticastDelegateUtilities.SafeInvoke: TestRun.LogMessages: Invoking callback 1/1 for Microsoft.VisualStudio.TestPlatform.CommandLine.TestRunResultAggregator.TestRunMessageHandler, took 0 ms.
TpTrace Information: 0 : 18292, 14, 2022/11/15, 00:07:23.009, 267888767100, vstest.console.dll, TestRunRequest:SendTestRunMessage: Completed.
TpTrace Verbose: 0 : 18292, 14, 2022/11/15, 00:07:23.009, 267888767395, vstest.console.dll, MulticastDelegateUtilities.SafeInvoke: LengthPrefixCommunicationChannel: MessageReceived: Invoking callback 1/1 for Microsoft.VisualStudio.TestPlatform.CommunicationUtilities.TestRequestSender+<>c__DisplayClass30_0.<StartTestRun>b__1, took 0 ms.
TpTrace Verbose: 0 : 18292, 4, 2022/11/15, 00:07:23.009, 267888767553, vstest.console.dll, MulticastDelegateUtilities.SafeInvoke: InternalTestLoggerEvents.SendTestRunMessage: Invoking callback 1/1 for Microsoft.VisualStudio.TestPlatform.CommandLine.Internal.ConsoleLogger.TestMessageHandler, took 0 ms.
TpTrace Verbose: 0 : 18292, 14, 2022/11/15, 00:07:23.009, 267888767686, vstest.console.dll, TcpClientExtensions.MessageLoopAsync: Polling on remoteEndPoint: 127.0.0.1:51691 localEndPoint: 127.0.0.1:51689
TpTrace Verbose: 0 : 18292, 14, 2022/11/15, 00:07:23.207, 267890749052, vstest.console.dll, TcpClientExtensions.MessageLoopAsync: NotifyDataAvailable remoteEndPoint: 127.0.0.1:51691 localEndPoint: 127.0.0.1:51689
TpTrace Verbose: 0 : 18292, 14, 2022/11/15, 00:07:23.207, 267890750089, vstest.console.dll, TestRequestSender.OnExecutionMessageReceived: Received message: {"Version":5,"MessageType":"TestSession.Message","Payload":{"MessageLevel":0,"Message":"[xUnit.net 00:00:01.06]   Finished:    IAI.UnitTest"}}
TpTrace Verbose: 0 : 18292, 14, 2022/11/15, 00:07:23.207, 267890751685, vstest.console.dll, TestRunRequest:SendTestRunMessage: Starting.
TpTrace Verbose: 0 : 18292, 14, 2022/11/15, 00:07:23.208, 267890752255, vstest.console.dll, MulticastDelegateUtilities.SafeInvoke: TestRun.LogMessages: Invoking callback 1/1 for Microsoft.VisualStudio.TestPlatform.CommandLine.TestRunResultAggregator.TestRunMessageHandler, took 0 ms.
TpTrace Information: 0 : 18292, 14, 2022/11/15, 00:07:23.208, 267890752520, vstest.console.dll, TestRunRequest:SendTestRunMessage: Completed.
TpTrace Verbose: 0 : 18292, 4, 2022/11/15, 00:07:23.208, 267890752504, vstest.console.dll, MulticastDelegateUtilities.SafeInvoke: InternalTestLoggerEvents.SendTestRunMessage: Invoking callback 1/1 for Microsoft.VisualStudio.TestPlatform.CommandLine.Internal.ConsoleLogger.TestMessageHandler, took 0 ms.
TpTrace Verbose: 0 : 18292, 14, 2022/11/15, 00:07:23.208, 267890752843, vstest.console.dll, MulticastDelegateUtilities.SafeInvoke: LengthPrefixCommunicationChannel: MessageReceived: Invoking callback 1/1 for Microsoft.VisualStudio.TestPlatform.CommunicationUtilities.TestRequestSender+<>c__DisplayClass30_0.<StartTestRun>b__1, took 0 ms.
TpTrace Verbose: 0 : 18292, 14, 2022/11/15, 00:07:23.208, 267890754197, vstest.console.dll, TcpClientExtensions.MessageLoopAsync: Polling on remoteEndPoint: 127.0.0.1:51691 localEndPoint: 127.0.0.1:51689
TpTrace Verbose: 0 : 18292, 14, 2022/11/15, 00:07:23.247, 267891146104, vstest.console.dll, TcpClientExtensions.MessageLoopAsync: NotifyDataAvailable remoteEndPoint: 127.0.0.1:51691 localEndPoint: 127.0.0.1:51689
TpTrace Verbose: 0 : 18292, 14, 2022/11/15, 00:07:23.247, 267891147979, vstest.console.dll, TestRequestSender.OnExecutionMessageReceived: Received message: {"Version":5,"MessageType":"TestExecution.Completed","Payload":{"TestRunCompleteArgs":{"TestRunStatistics":{"ExecutedTests":6,"Stats":{"Passed":6}},"IsCanceled":false,"IsAborted":false,"Error":null,"AttachmentSets":[],"ElapsedTimeInRunningTests":"00:00:01.0768576","Metrics":{}},"LastRunTests":{"NewTestResults":[{"TestCase":{"Id":"42540505-a9d2-0dd7-803b-3b2a309f4ef4","FullyQualifiedName":"IAI.UnitTest.ControllerTests.PrimarySkillTestController.UpdatePrimarySkill_PrimarySkill","DisplayName":"IAI.UnitTest.ControllerTests.PrimarySkillTestController.UpdatePrimarySkill_PrimarySkill","ExecutorUri":"executor://xunit/VsTestRunner2/netcoreapp","Source":"D:\\Antern\\IAmInterviewed\\IAmInterviewed\\Code\\IAI\\WebAPI\\IAI.UnitTest\\bin\\Debug\\net6.0\\fine-code-coverage\\build-output\\IAI.UnitTest.dll","CodeFilePath":null,"LineNumber":0,"Properties":[]},"Attachments":[],"Outcome":1,"ErrorMessage":null,"ErrorStackTrace":null,"DisplayName":"IAI.UnitTest.ControllerTests.PrimarySkillTestController.UpdatePrimarySkill_PrimarySkill","Messages":[],"ComputerName":"DESKTOP-OQL8OQ5","Duration":"00:00:00.0861637","StartTime":"2022-11-14T18:37:23.1553874+00:00","EndTime":"2022-11-14T18:37:23.1554127+00:00","Properties":[]},{"TestCase":{"Id":"2d04e479-39d9-9866-a1f3-cd003abf09a5","FullyQualifiedName":"IAI.UnitTest.ControllerTests.PrimarySkillTestController.AddPrimarySkill_PrimarySkill","DisplayName":"IAI.UnitTest.ControllerTests.PrimarySkillTestController.AddPrimarySkill_PrimarySkill","ExecutorUri":"executor://xunit/VsTestRunner2/netcoreapp","Source":"D:\\Antern\\IAmInterviewed\\IAmInterviewed\\Code\\IAI\\WebAPI\\IAI.UnitTest\\bin\\Debug\\net6.0\\fine-code-coverage\\build-output\\IAI.UnitTest.dll","CodeFilePath":null,"LineNumber":0,"Properties":[]},"Attachments":[],"Outcome":1,"ErrorMessage":null,"ErrorStackTrace":null,"DisplayName":"IAI.UnitTest.ControllerTests.PrimarySkillTestController.AddPrimarySkill_PrimarySkill","Messages":[],"ComputerName":"DESKTOP-OQL8OQ5","Duration":"00:00:00.0034861","StartTime":"2022-11-14T18:37:23.1800045+00:00","EndTime":"2022-11-14T18:37:23.1800052+00:00","Properties":[]},{"TestCase":{"Id":"df67f273-d514-b07d-64f8-98ca09553723","FullyQualifiedName":"IAI.UnitTest.ControllerTests.PrimarySkillTestController.DeletePrimarySkill_PrimarySkill","DisplayName":"IAI.UnitTest.ControllerTests.PrimarySkillTestController.DeletePrimarySkill_PrimarySkill","ExecutorUri":"executor://xunit/VsTestRunner2/netcoreapp","Source":"D:\\Antern\\IAmInterviewed\\IAmInterviewed\\Code\\IAI\\WebAPI\\IAI.UnitTest\\bin\\Debug\\net6.0\\fine-code-coverage\\build-output\\IAI.UnitTest.dll","CodeFilePath":null,"LineNumber":0,"Properties":[]},"Attachments":[],"Outcome":1,"ErrorMessage":null,"ErrorStackTrace":null,"DisplayName":"IAI.UnitTest.ControllerTests.PrimarySkillTestController.DeletePrimarySkill_PrimarySkill","Messages":[],"ComputerName":"DESKTOP-OQL8OQ5","Duration":"00:00:00.0038643","StartTime":"2022-11-14T18:37:23.1834736+00:00","EndTime":"2022-11-14T18:37:23.1834738+00:00","Properties":[]},{"TestCase":{"Id":"b387ec9d-495a-4d29-e88a-865e254788ba","FullyQualifiedName":"IAI.UnitTest.ControllerTests.PrimarySkillTestController.CheckPrimarySkillExistOrNotByPrimarySkillName_PrimarySkill","DisplayName":"IAI.UnitTest.ControllerTests.PrimarySkillTestController.CheckPrimarySkillExistOrNotByPrimarySkillName_PrimarySkill(primarySkillName: \"Java\")","ExecutorUri":"executor://xunit/VsTestRunner2/netcoreapp","Source":"D:\\Antern\\IAmInterviewed\\IAmInterviewed\\Code\\IAI\\WebAPI\\IAI.UnitTest\\bin\\Debug\\net6.0\\fine-code-coverage\\build-output\\IAI.UnitTest.dll","CodeFilePath":null,"LineNumber":0,"Properties":[]},"Attachments":[],"Outcome":1,"ErrorMessage":null,"ErrorStackTrace":null,"DisplayName":"IAI.UnitTest.ControllerTests.PrimarySkillTestController.CheckPrimarySkillExistOrNotByPrimarySkillName_PrimarySkill(primarySkillName: \"Java\")","Messages":[],"ComputerName":"DESKTOP-OQL8OQ5","Duration":"00:00:00.0252088","StartTime":"2022-11-14T18:37:23.1873564+00:00","EndTime":"2022-11-14T18:37:23.1873567+00:00","Properties":[]},{"TestCase":{"Id":"3e5f5049-7857-92f1-b318-8ecac225ead4","FullyQualifiedName":"IAI.UnitTest.ControllerTests.PrimarySkillTestController.GetPrimarySkillByID_PrimarySkill","DisplayName":"IAI.UnitTest.ControllerTests.PrimarySkillTestController.GetPrimarySkillByID_PrimarySkill","ExecutorUri":"executor://xunit/VsTestRunner2/netcoreapp","Source":"D:\\Antern\\IAmInterviewed\\IAmInterviewed\\Code\\IAI\\WebAPI\\IAI.UnitTest\\bin\\Debug\\net6.0\\fine-code-coverage\\build-output\\IAI.UnitTest.dll","CodeFilePath":null,"LineNumber":0,"Properties":[]},"Attachments":[],"Outcome":1,"ErrorMessage":null,"ErrorStackTrace":null,"DisplayName":"IAI.UnitTest.ControllerTests.PrimarySkillTestController.GetPrimarySkillByID_PrimarySkill","Messages":[],"ComputerName":"DESKTOP-OQL8OQ5","Duration":"00:00:00.0044526","StartTime":"2022-11-14T18:37:23.1919183+00:00","EndTime":"2022-11-14T18:37:23.1919187+00:00","Properties":[]},{"TestCase":{"Id":"845db635-2a76-4191-5bcb-2b9c6fb0d6e7","FullyQualifiedName":"IAI.UnitTest.ControllerTests.PrimarySkillTestController.GetPrimarySkills_PrimarySkills","DisplayName":"IAI.UnitTest.ControllerTests.PrimarySkillTestController.GetPrimarySkills_PrimarySkills","ExecutorUri":"executor://xunit/VsTestRunner2/netcoreapp","Source":"D:\\Antern\\IAmInterviewed\\IAmInterviewed\\Code\\IAI\\WebAPI\\IAI.UnitTest\\bin\\Debug\\net6.0\\fine-code-coverage\\build-output\\IAI.UnitTest.dll","CodeFilePath":null,"LineNumber":0,"Properties":[]},"Attachments":[],"Outcome":1,"ErrorMessage":null,"ErrorStackTrace":null,"DisplayName":"IAI.UnitTest.ControllerTests.PrimarySkillTestController.GetPrimarySkills_PrimarySkills","Messages":[],"ComputerName":"DESKTOP-OQL8OQ5","Duration":"00:00:00.0009588","StartTime":"2022-11-14T18:37:23.2053194+00:00","EndTime":"2022-11-14T18:37:23.2053196+00:00","Properties":[]}],"TestRunStatistics":{"ExecutedTests":6,"Stats":{"Passed":6}},"ActiveTests":[]},"RunAttachments":[],"ExecutorUris":["executor://xunit/VsTestRunner2/netcoreapp"]}}
TpTrace Verbose: 0 : 18292, 14, 2022/11/15, 00:07:23.248, 267891159613, vstest.console.dll, TestRequestSender.EndSession: Sending end session.
TpTrace Verbose: 0 : 18292, 14, 2022/11/15, 00:07:23.248, 267891161137, vstest.console.dll, ProxyOperationManager.Close: waiting for test host to exit for 100 ms
TpTrace Warning: 0 : 18292, 13, 2022/11/15, 00:07:23.272, 267891392325, vstest.console.dll, TestHostManagerCallbacks.ErrorReceivedCallback Test host standard error line: 
TpTrace Verbose: 0 : 18292, 13, 2022/11/15, 00:07:23.287, 267891542577, vstest.console.dll, TestHostProvider.ExitCallBack: Host exited starting callback.
TpTrace Information: 0 : 18292, 13, 2022/11/15, 00:07:23.287, 267891546462, vstest.console.dll, TestHostManagerCallbacks.ExitCallBack: Testhost processId: 24540 exited with exitcode: 0 error: ''
TpTrace Verbose: 0 : 18292, 13, 2022/11/15, 00:07:23.287, 267891546914, vstest.console.dll, DotnetTestHostManager.OnHostExited: invoking OnHostExited callback
TpTrace Verbose: 0 : 18292, 13, 2022/11/15, 00:07:23.287, 267891547412, vstest.console.dll, CrossPlatEngine.TestHostManagerHostExited: calling on client process exit callback.
TpTrace Information: 0 : 18292, 13, 2022/11/15, 00:07:23.287, 267891547855, vstest.console.dll, TestRequestSender.OnClientProcessExit: Test host process exited. Standard error: 
TpTrace Information: 0 : 18292, 13, 2022/11/15, 00:07:23.287, 267891548188, vstest.console.dll, SocketServer.Stop: Stop server endPoint: 127.0.0.1:51689
TpTrace Information: 0 : 18292, 13, 2022/11/15, 00:07:23.287, 267891548466, vstest.console.dll, SocketServer.Stop: Cancellation requested. Stopping message loop.
TpTrace Information: 0 : 18292, 14, 2022/11/15, 00:07:23.287, 267891548609, vstest.console.dll, SocketServer.Stop: Stop server endPoint: 127.0.0.1:51689
TpTrace Information: 0 : 18292, 14, 2022/11/15, 00:07:23.287, 267891549098, vstest.console.dll, SocketServer.Stop: Cancellation requested. Stopping message loop.
TpTrace Information: 0 : 18292, 14, 2022/11/15, 00:07:23.287, 267891549497, vstest.console.dll, Closing the connection
TpTrace Verbose: 0 : 18292, 13, 2022/11/15, 00:07:23.287, 267891549429, vstest.console.dll, MulticastDelegateUtilities.SafeInvoke: HostProviderEvents.OnHostExited: Invoking callback 1/1 for Microsoft.VisualStudio.TestPlatform.CrossPlatEngine.Client.ProxyOperationManager.TestHostManagerHostExited, took 0 ms.
TpTrace Verbose: 0 : 18292, 14, 2022/11/15, 00:07:23.288, 267891553328, vstest.console.dll, ProxyDataCollectionManager.InvokeDataCollectionServiceAction: Starting.
TpTrace Information: 0 : 18292, 14, 2022/11/15, 00:07:23.288, 267891553776, vstest.console.dll, ProxyDataCollectionManager.AfterTestRunEnd: Get attachment set and invoked data collectors processId: 13372 port: 51686
TpTrace Verbose: 0 : 18292, 14, 2022/11/15, 00:07:23.288, 267891554179, vstest.console.dll, DataCollectionRequestSender.SendAfterTestRunStartAndGetResult: Send AfterTestRunEnd message with isCancelled: False
TpTrace Verbose: 0 : 18292, 14, 2022/11/15, 00:07:23.294, 267891613674, vstest.console.dll, DataCollectionRequestSender.SendAfterTestRunStartAndGetResult: Received message: (DataCollection.AfterTestRunEndResult) -> {
  "AttachmentSets": [],
  "InvokedDataCollectors": [
    {
      "Uri": "datacollector://Microsoft/TestPlatform/Extensions/Blame/v1",
      "FriendlyName": "Blame",
      "AssemblyQualifiedName": "Microsoft.TestPlatform.Extensions.BlameDataCollector.BlameCollector, Microsoft.TestPlatform.Extensions.BlameDataCollector, Version=15.0.0.0, Culture=neutral, PublicKeyToken=b03f5f7f11d50a3a",
      "FilePath": "C:\\Program Files\\dotnet\\sdk\\6.0.302\\Extensions\\Microsoft.TestPlatform.Extensions.BlameDataCollector.dll",
      "HasAttachmentProcessor": false
    }
  ],
  "Metrics": {}
}
TpTrace Warning: 0 : 18292, 10, 2022/11/15, 00:07:23.298, 267891657894, vstest.console.dll, DataCollectionLauncher.ErrorReceivedCallback datacollector standard error line: 
TpTrace Information: 0 : 18292, 14, 2022/11/15, 00:07:23.302, 267891692072, vstest.console.dll, ProxyDataCollectionManager.InvokeDataCollectionServiceAction: Completed.
TpTrace Information: 0 : 18292, 10, 2022/11/15, 00:07:23.302, 267891700091, vstest.console.dll, DataCollectionLauncher.ExitCallBack: Data collector exited with exitcode: 0 error: ''
TpTrace Verbose: 0 : 18292, 14, 2022/11/15, 00:07:23.350, 267892178816, vstest.console.dll, TestRunRequest:SendTestRunStatsChange: Starting.
TpTrace Verbose: 0 : 18292, 14, 2022/11/15, 00:07:23.350, 267892181522, vstest.console.dll, MulticastDelegateUtilities.SafeInvoke: TestRun.RunStatsChanged: Invoking callbacks was skipped because there are no subscribers.
TpTrace Information: 0 : 18292, 14, 2022/11/15, 00:07:23.350, 267892181941, vstest.console.dll, TestRunRequest:SendTestRunStatsChange: Completed.
TpTrace Verbose: 0 : 18292, 14, 2022/11/15, 00:07:23.351, 267892184035, vstest.console.dll, ParallelProxyExecutionManager: HandlePartialRunComplete: Total completed clients = 1, Run complete = True, Run canceled: False.
TpTrace Verbose: 0 : 18292, 4, 2022/11/15, 00:07:23.354, 267892215336, vstest.console.dll, MulticastDelegateUtilities.SafeInvoke: InternalTestLoggerEvents.SendTestResult: Invoking callback 1/1 for Microsoft.VisualStudio.TestPlatform.CommandLine.Internal.ConsoleLogger.TestResultHandler, took 3 ms.
TpTrace Verbose: 0 : 18292, 4, 2022/11/15, 00:07:23.354, 267892217072, vstest.console.dll, MulticastDelegateUtilities.SafeInvoke: InternalTestLoggerEvents.SendTestResult: Invoking callback 1/1 for Microsoft.VisualStudio.TestPlatform.CommandLine.Internal.ConsoleLogger.TestResultHandler, took 0 ms.
TpTrace Verbose: 0 : 18292, 4, 2022/11/15, 00:07:23.354, 267892217819, vstest.console.dll, MulticastDelegateUtilities.SafeInvoke: InternalTestLoggerEvents.SendTestResult: Invoking callback 1/1 for Microsoft.VisualStudio.TestPlatform.CommandLine.Internal.ConsoleLogger.TestResultHandler, took 0 ms.
TpTrace Verbose: 0 : 18292, 4, 2022/11/15, 00:07:23.354, 267892218441, vstest.console.dll, MulticastDelegateUtilities.SafeInvoke: InternalTestLoggerEvents.SendTestResult: Invoking callback 1/1 for Microsoft.VisualStudio.TestPlatform.CommandLine.Internal.ConsoleLogger.TestResultHandler, took 0 ms.
TpTrace Verbose: 0 : 18292, 4, 2022/11/15, 00:07:23.354, 267892218947, vstest.console.dll, MulticastDelegateUtilities.SafeInvoke: InternalTestLoggerEvents.SendTestResult: Invoking callback 1/1 for Microsoft.VisualStudio.TestPlatform.CommandLine.Internal.ConsoleLogger.TestResultHandler, took 0 ms.
TpTrace Verbose: 0 : 18292, 4, 2022/11/15, 00:07:23.354, 267892219357, vstest.console.dll, MulticastDelegateUtilities.SafeInvoke: InternalTestLoggerEvents.SendTestResult: Invoking callback 1/1 for Microsoft.VisualStudio.TestPlatform.CommandLine.Internal.ConsoleLogger.TestResultHandler, took 0 ms.
TpTrace Verbose: 0 : 18292, 4, 2022/11/15, 00:07:23.361, 267892283884, vstest.console.dll, MulticastDelegateUtilities.SafeInvoke: InternalTestLoggerEvents.SendTestRunComplete: Invoking callback 1/2 for Microsoft.TestPlatform.Extensions.BlameDataCollector.BlameLogger.TestRunCompleteHandler, took 0 ms.
TpTrace Verbose: 0 : 18292, 4, 2022/11/15, 00:07:23.366, 267892334976, vstest.console.dll, MulticastDelegateUtilities.SafeInvoke: InternalTestLoggerEvents.SendTestRunComplete: Invoking callback 2/2 for Microsoft.VisualStudio.TestPlatform.CommandLine.Internal.ConsoleLogger.TestRunCompleteHandler, took 5 ms.
TpTrace Verbose: 0 : 18292, 14, 2022/11/15, 00:07:23.366, 267892339105, vstest.console.dll, TestRunRequest:TestRunComplete: Starting. IsAborted:False IsCanceled:False.
TpTrace Verbose: 0 : 18292, 14, 2022/11/15, 00:07:23.367, 267892346650, vstest.console.dll, TestLoggerManager.HandleTestRunComplete: Ignoring as the object is disposed.
TpTrace Verbose: 0 : 18292, 14, 2022/11/15, 00:07:23.367, 267892349804, vstest.console.dll, MulticastDelegateUtilities.SafeInvoke: TestRun.TestRunComplete: Invoking callback 1/2 for Microsoft.VisualStudio.TestPlatform.CommandLine.TestRunResultAggregator.TestRunCompletionHandler, took 0 ms.
TpTrace Verbose: 0 : 18292, 14, 2022/11/15, 00:07:23.367, 267892350552, vstest.console.dll, MulticastDelegateUtilities.SafeInvoke: TestRun.TestRunComplete: Invoking callback 2/2 for Microsoft.VisualStudio.TestPlatform.CommandLine.Processors.RunTestsArgumentExecutor+TestRunRequestEventsRegistrar.TestRunRequest_OnRunCompletion, took 0 ms.
TpTrace Information: 0 : 18292, 14, 2022/11/15, 00:07:23.367, 267892351395, vstest.console.dll, TestRunRequest:TestRunComplete: Completed.
TpTrace Verbose: 0 : 18292, 14, 2022/11/15, 00:07:23.367, 267892351741, vstest.console.dll, TestRequestSender.SetOperationComplete: Setting operation complete.
TpTrace Information: 0 : 18292, 14, 2022/11/15, 00:07:23.367, 267892351987, vstest.console.dll, SocketServer.Stop: Stop server endPoint: 127.0.0.1:51689
TpTrace Verbose: 0 : 18292, 1, 2022/11/15, 00:07:23.368, 267892352108, vstest.console.dll, TestRunRequest.Dispose: Starting.
TpTrace Information: 0 : 18292, 14, 2022/11/15, 00:07:23.368, 267892352206, vstest.console.dll, SocketServer.Stop: Cancellation requested. Stopping message loop.
TpTrace Information: 0 : 18292, 1, 2022/11/15, 00:07:23.368, 267892353117, vstest.console.dll, TestRunRequest.Dispose: Completed.
TpTrace Verbose: 0 : 18292, 14, 2022/11/15, 00:07:23.368, 267892353891, vstest.console.dll, MulticastDelegateUtilities.SafeInvoke: LengthPrefixCommunicationChannel: MessageReceived: Invoking callback 1/1 for Microsoft.VisualStudio.TestPlatform.CommunicationUtilities.TestRequestSender+<>c__DisplayClass30_0.<StartTestRun>b__1, took 120 ms.
TpTrace Information: 0 : 18292, 14, 2022/11/15, 00:07:23.368, 267892355289, vstest.console.dll, SocketServer.PrivateStop: Stopping server endPoint: 127.0.0.1:51689 error: 
TpTrace Information: 0 : 18292, 1, 2022/11/15, 00:07:23.368, 267892354683, vstest.console.dll, TestRequestManager.RunTests: run tests completed.
TpTrace Information: 0 : 18292, 1, 2022/11/15, 00:07:23.368, 267892356581, vstest.console.dll, RunTestsArgumentProcessor:Execute: Test run is completed.
TpTrace Verbose: 0 : 18292, 1, 2022/11/15, 00:07:23.368, 267892358726, vstest.console.dll, Executor.Execute: Exiting with exit code of 0
TpTrace Verbose: 0 : 18292, 14, 2022/11/15, 00:07:23.368, 267892359607, vstest.console.dll, LengthPrefixCommunicationChannel.Dispose: Dispose reader and writer.
TpTrace Information: 0 : 18292, 14, 2022/11/15, 00:07:23.368, 267892360727, vstest.console.dll, SocketServer.Stop: Raise disconnected event endPoint: 127.0.0.1:51689 error: 
TpTrace Verbose: 0 : 18292, 14, 2022/11/15, 00:07:23.368, 267892361821, vstest.console.dll, TestRequestSender: OnTestRunAbort: Operation is already complete. Skip error message.
TpTrace Verbose: 0 : 18292, 14, 2022/11/15, 00:07:23.369, 267892362483, vstest.console.dll, MulticastDelegateUtilities.SafeInvoke: SocketServer: ClientDisconnected: Invoking callback 1/1 for Microsoft.VisualStudio.TestPlatform.CommunicationUtilities.TestRequestSender.<InitializeCommunication>b__23_1, took 0 ms.
TpTrace Verbose: 0 : 18292, 14, 2022/11/15, 00:07:23.369, 267892362916, vstest.console.dll, TcpClientExtensions.MessageLoopAsync: exiting MessageLoopAsync remoteEndPoint: 127.0.0.1:51691 localEndPoint: 127.0.0.1:51689
